#
# A fatal error has been detected by the Java Runtime Environment:
#
#  EXCEPTION_ACCESS_VIOLATION (0xc0000005) at pc=0x0000000061a3d7dc, pid=11580, tid=8956
#
# JRE version: Java(TM) SE Runtime Environment (10.0.1+10) (build 10.0.1+10)
# Java VM: Java HotSpot(TM) 64-Bit Server VM (10.0.1+10, mixed mode, tiered, compressed oops, g1 gc, windows-amd64)
# Problematic frame:
# V  [jvm.dll+0x31d7dc]
#
# No core dump will be written. Minidumps are not enabled by default on client versions of Windows
#
# If you would like to submit a bug report, please visit:
#   http://bugreport.java.com/bugreport/crash.jsp
#

---------------  S U M M A R Y ------------

Command Line: -agentlib:jdwp=transport=dt_socket,address=127.0.0.1:16784,suspend=y,server=n -javaagent:C:\Users\Keshav\.IdeaIC2018.2\system\captureAgent\debugger-agent.jar=file:/C:/Users/Keshav/AppData/Local/Temp/capture.props -Dfile.encoding=UTF-8 com.arjuna.season17.CircularPaths

Host: Intel(R) Core(TM) i5-7200U CPU @ 2.50GHz, 4 cores, 7G,  Windows 10 , 64 bit Build 18323 (10.0.18323.1000)
Time: Mon Feb 04 03:26:10 2019 India Standard Time elapsed time: 480 seconds (0d 0h 8m 0s)

---------------  T H R E A D  ---------------

Current thread (0x000002537ea32000):  VMThread "VM Thread" [stack: 0x000000a9aef00000,0x000000a9af000000] [id=8956]

Stack: [0x000000a9aef00000,0x000000a9af000000],  sp=0x000000a9aeffeb80,  free space=1018k
Native frames: (J=compiled Java code, j=interpreted, Vv=VM code, C=native code)
V  [jvm.dll+0x31d7dc]
V  [jvm.dll+0x31fb40]
V  [jvm.dll+0x3201ce]
V  [jvm.dll+0x31d9a5]
V  [jvm.dll+0x31cd63]
V  [jvm.dll+0x590c0f]
V  [jvm.dll+0x590ff6]
V  [jvm.dll+0x590db6]
V  [jvm.dll+0x55c228]
V  [jvm.dll+0x473b9a]
V  [jvm.dll+0x6c485c]
V  [jvm.dll+0x6c2fc5]
V  [jvm.dll+0x6c37d0]
V  [jvm.dll+0x6c3b0c]
V  [jvm.dll+0x59f680]
C  [msvcr120.dll+0x24f7f]
C  [msvcr120.dll+0x25126]
C  [KERNEL32.DLL+0x16304]
C  [ntdll.dll+0x4f801]


siginfo: EXCEPTION_ACCESS_VIOLATION (0xc0000005), reading address 0x0000000000000006


Register to memory mapping:

RIP=0x0000000061a3d7dc jvm.dll
RAX=0x0000000000000000 is an unknown value
RBX=0x000002537eee5828 is pointing into metadata
RCX=0x0000000000000000 is an unknown value
RDX=0x0000000000007f41 is an unknown value
RSP=0x000000a9aeffeb80 is an unknown value
RBP=0x0000000000000001 is an unknown value
RSI=0x00000000620bac28 jvm.dll
RDI=0x000000a9aeffee20 is an unknown value
R8 =0x0000000000000000 is an unknown value
R9 =0x000002537eee5828 is pointing into metadata
R10=0x000002537f71574c is an unknown value
R11=0x000002537f715210 is an unknown value
R12=0x0000000061e9d601 jvm.dll
R13=0x0000000000000000 is an unknown value
R14=0x0000000000000001 is an unknown value
R15=0x0000000000000348 is an unknown value


Registers:
RAX=0x0000000000000000, RBX=0x000002537eee5828, RCX=0x0000000000000000, RDX=0x0000000000007f41
RSP=0x000000a9aeffeb80, RBP=0x0000000000000001, RSI=0x00000000620bac28, RDI=0x000000a9aeffee20
R8 =0x0000000000000000, R9 =0x000002537eee5828, R10=0x000002537f71574c, R11=0x000002537f715210
R12=0x0000000061e9d601, R13=0x0000000000000000, R14=0x0000000000000001, R15=0x0000000000000348
RIP=0x0000000061a3d7dc, EFLAGS=0x0000000000010202

Top of Stack: (sp=0x000000a9aeffeb80)
0x000000a9aeffeb80:   0000000000000120 0000000061a3db11
0x000000a9aeffeb90:   0000000000000008 00000000617db97a
0x000000a9aeffeba0:   0000000000000000 0000000061a40deb
0x000000a9aeffebb0:   000000a9aeffee20 000002537f7151e0
0x000000a9aeffebc0:   000012a4cb9fb5d0 00000000000000e6
0x000000a9aeffebd0:   0000000000000015 000000a9aeffec70
0x000000a9aeffebe0:   000000a9aeffee20 0000000061a3fb40
0x000000a9aeffebf0:   000000a9aeffee08 0000000000000128
0x000000a9aeffec00:   0000000000000001 000000a9aeffee20
0x000000a9aeffec10:   0000000000000128 0000000000000014
0x000000a9aeffec20:   0000000000000348 0000000000000132
0x000000a9aeffec30:   000002537f7151b8 0000000061a401ce
0x000000a9aeffec40:   000000a9aeffee20 000000a9aeffeca0
0x000000a9aeffec50:   0000000000000015 000002537f7151b8
0x000000a9aeffec60:   0000000000006000 0000000061a42071
0x000000a9aeffec70:   000002537eee6118 000002537ea32000 

Instructions: (pc=0x0000000061a3d7dc)
0x0000000061a3d7bc:   8b cb e8 8d 11 f1 ff 48 8b cb 8b d0 e8 f3 38 f1
0x0000000061a3d7cc:   ff 48 8d 35 54 d4 67 00 48 63 c8 48 8b 44 cb 40
0x0000000061a3d7dc:   0f b6 48 06 8b 05 3e d4 67 00 80 f9 4c 74 2b 80
0x0000000061a3d7ec:   f9 5b 74 26 80 f9 4a 74 18 80 f9 44 74 13 48 8d 


VM_Operation (0x000000a9af8ff3f0): GetOrSetLocal, mode: safepoint, requested by thread 0x000002537f723800


---------------  P R O C E S S  ---------------

Threads class SMR info:
_java_thread_list=0x000002537f64b9f0, length=14, elements={
0x000002535f6e2800, 0x000002537ea33800, 0x000002537ea3c000, 0x000002537ea4f800,
0x000002537ea50800, 0x000002537f3a7800, 0x000002537f3ad800, 0x000002537f3ae000,
0x000002537f417000, 0x000002537f723800, 0x000002537f54b800, 0x000002537f629000,
0x000002537f7ab000, 0x000002537f649800
}

Java Threads: ( => current thread )
  0x000002535f6e2800 JavaThread "main" [_thread_blocked, id=7656, stack(0x000000a9ae300000,0x000000a9ae400000)]
  0x000002537ea33800 JavaThread "Reference Handler" daemon [_thread_blocked, id=11016, stack(0x000000a9af000000,0x000000a9af100000)]
  0x000002537ea3c000 JavaThread "Finalizer" daemon [_thread_blocked, id=3312, stack(0x000000a9af100000,0x000000a9af200000)]
  0x000002537ea4f800 JavaThread "Signal Dispatcher" daemon [_thread_blocked, id=396, stack(0x000000a9af200000,0x000000a9af300000)]
  0x000002537ea50800 JavaThread "Attach Listener" daemon [_thread_blocked, id=3532, stack(0x000000a9af300000,0x000000a9af400000)]
  0x000002537f3a7800 JavaThread "C2 CompilerThread0" daemon [_thread_blocked, id=6068, stack(0x000000a9af400000,0x000000a9af500000)]
  0x000002537f3ad800 JavaThread "C2 CompilerThread1" daemon [_thread_blocked, id=8188, stack(0x000000a9af500000,0x000000a9af600000)]
  0x000002537f3ae000 JavaThread "C1 CompilerThread2" daemon [_thread_blocked, id=6628, stack(0x000000a9af600000,0x000000a9af700000)]
  0x000002537f417000 JavaThread "Sweeper thread" daemon [_thread_blocked, id=11964, stack(0x000000a9af700000,0x000000a9af800000)]
  0x000002537f723800 JavaThread "JDWP Transport Listener: dt_socket" daemon [_thread_blocked, id=7188, stack(0x000000a9af800000,0x000000a9af900000)] _threads_hazard_ptr=0x000002537f64b9f0
  0x000002537f54b800 JavaThread "JDWP Event Helper Thread" daemon [_thread_blocked, id=14572, stack(0x000000a9af900000,0x000000a9afa00000)]
  0x000002537f629000 JavaThread "JDWP Command Reader" daemon [_thread_in_native, id=6108, stack(0x000000a9afa00000,0x000000a9afb00000)]
  0x000002537f7ab000 JavaThread "Common-Cleaner" daemon [_thread_blocked, id=14184, stack(0x000000a9afb00000,0x000000a9afc00000)]
  0x000002537f649800 JavaThread "Service Thread" daemon [_thread_blocked, id=12540, stack(0x000000a9afc00000,0x000000a9afd00000)]

Other Threads:
=>0x000002537ea32000 VMThread "VM Thread" [stack: 0x000000a9aef00000,0x000000a9af000000] [id=8956]
  0x000002537f730800 WatcherThread [stack: 0x000000a9afd00000,0x000000a9afe00000] [id=7508]
  0x000002535f6fd000 GCTaskThread "GC Thread#0" [stack: 0x000000a9ae400000,0x000000a9ae500000] [id=8660]
  0x000002535f6fe800 GCTaskThread "GC Thread#1" [stack: 0x000000a9ae500000,0x000000a9ae600000] [id=11996]
  0x000002535f700000 GCTaskThread "GC Thread#2" [stack: 0x000000a9ae600000,0x000000a9ae700000] [id=5432]
  0x000002535f703800 GCTaskThread "GC Thread#3" [stack: 0x000000a9ae700000,0x000000a9ae800000] [id=13460]
  0x000002535f77a800 ConcurrentGCThread "G1 Main Marker" [stack: 0x000000a9ae800000,0x000000a9ae900000] [id=8748]
  0x000002535f77d800 ConcurrentGCThread "G1 Conc#0" [stack: 0x000000a9ae900000,0x000000a9aea00000] [id=11500]
  0x000002537e8b2800 ConcurrentGCThread "G1 Refine#0" [stack: 0x000000a9aea00000,0x000000a9aeb00000] [id=12792]
  0x000002537e8b3800 ConcurrentGCThread "G1 Refine#1" [stack: 0x000000a9aeb00000,0x000000a9aec00000] [id=14244]
  0x000002537e8b4800 ConcurrentGCThread "G1 Refine#2" [stack: 0x000000a9aec00000,0x000000a9aed00000] [id=12952]
  0x000002537e8b5800 ConcurrentGCThread "G1 Refine#3" [stack: 0x000000a9aed00000,0x000000a9aee00000] [id=13340]
  0x000002537e8b9800 ConcurrentGCThread "G1 Young RemSet Sampling" [stack: 0x000000a9aee00000,0x000000a9aef00000] [id=5248]

Threads with active compile tasks:

VM state:at safepoint (normal execution)

VM Mutex/Monitor currently owned by a thread:  ([mutex/lock_event])
[0x000002535f6dc910] Threads_lock - owner thread: 0x000002537ea32000

Heap address: 0x0000000082000000, size: 2016 MB, Compressed Oops mode: 32-bit
Narrow klass base: 0x0000000000000000, Narrow klass shift: 3
Compressed class space size: 1073741824 Address: 0x0000000100000000

Heap:
 garbage-first heap   total 129024K, used 4096K [0x0000000082000000, 0x0000000100000000)
  region size 1024K, 5 young (5120K), 0 survivors (0K)
 Metaspace       used 7026K, capacity 7150K, committed 7296K, reserved 1056768K
  class space    used 581K, capacity 616K, committed 640K, reserved 1048576K
Heap Regions: E=young(eden), S=young(survivor), O=old, HS=humongous(starts), HC=humongous(continues), CS=collection set, F=free, A=archive, TS=gc time stamp, AC=allocation context, TAMS=top-at-mark-start (previous, next)
|   0|0x0000000082000000, 0x0000000082000000, 0x0000000082100000|  0%| F|  |TS  0|AC  0|TAMS 0x0000000082000000, 0x0000000082000000|
|   1|0x0000000082100000, 0x0000000082100000, 0x0000000082200000|  0%| F|  |TS  0|AC  0|TAMS 0x0000000082100000, 0x0000000082100000|
|   2|0x0000000082200000, 0x0000000082200000, 0x0000000082300000|  0%| F|  |TS  0|AC  0|TAMS 0x0000000082200000, 0x0000000082200000|
|   3|0x0000000082300000, 0x0000000082300000, 0x0000000082400000|  0%| F|  |TS  0|AC  0|TAMS 0x0000000082300000, 0x0000000082300000|
|   4|0x0000000082400000, 0x0000000082400000, 0x0000000082500000|  0%| F|  |TS  0|AC  0|TAMS 0x0000000082400000, 0x0000000082400000|
|   5|0x0000000082500000, 0x0000000082500000, 0x0000000082600000|  0%| F|  |TS  0|AC  0|TAMS 0x0000000082500000, 0x0000000082500000|
|   6|0x0000000082600000, 0x0000000082600000, 0x0000000082700000|  0%| F|  |TS  0|AC  0|TAMS 0x0000000082600000, 0x0000000082600000|
|   7|0x0000000082700000, 0x0000000082700000, 0x0000000082800000|  0%| F|  |TS  0|AC  0|TAMS 0x0000000082700000, 0x0000000082700000|
|   8|0x0000000082800000, 0x0000000082800000, 0x0000000082900000|  0%| F|  |TS  0|AC  0|TAMS 0x0000000082800000, 0x0000000082800000|
|   9|0x0000000082900000, 0x0000000082900000, 0x0000000082a00000|  0%| F|  |TS  0|AC  0|TAMS 0x0000000082900000, 0x0000000082900000|
|  10|0x0000000082a00000, 0x0000000082a00000, 0x0000000082b00000|  0%| F|  |TS  0|AC  0|TAMS 0x0000000082a00000, 0x0000000082a00000|
|  11|0x0000000082b00000, 0x0000000082b00000, 0x0000000082c00000|  0%| F|  |TS  0|AC  0|TAMS 0x0000000082b00000, 0x0000000082b00000|
|  12|0x0000000082c00000, 0x0000000082c00000, 0x0000000082d00000|  0%| F|  |TS  0|AC  0|TAMS 0x0000000082c00000, 0x0000000082c00000|
|  13|0x0000000082d00000, 0x0000000082d00000, 0x0000000082e00000|  0%| F|  |TS  0|AC  0|TAMS 0x0000000082d00000, 0x0000000082d00000|
|  14|0x0000000082e00000, 0x0000000082e00000, 0x0000000082f00000|  0%| F|  |TS  0|AC  0|TAMS 0x0000000082e00000, 0x0000000082e00000|
|  15|0x0000000082f00000, 0x0000000082f00000, 0x0000000083000000|  0%| F|  |TS  0|AC  0|TAMS 0x0000000082f00000, 0x0000000082f00000|
|  16|0x0000000083000000, 0x0000000083000000, 0x0000000083100000|  0%| F|  |TS  0|AC  0|TAMS 0x0000000083000000, 0x0000000083000000|
|  17|0x0000000083100000, 0x0000000083100000, 0x0000000083200000|  0%| F|  |TS  0|AC  0|TAMS 0x0000000083100000, 0x0000000083100000|
|  18|0x0000000083200000, 0x0000000083200000, 0x0000000083300000|  0%| F|  |TS  0|AC  0|TAMS 0x0000000083200000, 0x0000000083200000|
|  19|0x0000000083300000, 0x0000000083300000, 0x0000000083400000|  0%| F|  |TS  0|AC  0|TAMS 0x0000000083300000, 0x0000000083300000|
|  20|0x0000000083400000, 0x0000000083400000, 0x0000000083500000|  0%| F|  |TS  0|AC  0|TAMS 0x0000000083400000, 0x0000000083400000|
|  21|0x0000000083500000, 0x0000000083500000, 0x0000000083600000|  0%| F|  |TS  0|AC  0|TAMS 0x0000000083500000, 0x0000000083500000|
|  22|0x0000000083600000, 0x0000000083600000, 0x0000000083700000|  0%| F|  |TS  0|AC  0|TAMS 0x0000000083600000, 0x0000000083600000|
|  23|0x0000000083700000, 0x0000000083700000, 0x0000000083800000|  0%| F|  |TS  0|AC  0|TAMS 0x0000000083700000, 0x0000000083700000|
|  24|0x0000000083800000, 0x0000000083800000, 0x0000000083900000|  0%| F|  |TS  0|AC  0|TAMS 0x0000000083800000, 0x0000000083800000|
|  25|0x0000000083900000, 0x0000000083900000, 0x0000000083a00000|  0%| F|  |TS  0|AC  0|TAMS 0x0000000083900000, 0x0000000083900000|
|  26|0x0000000083a00000, 0x0000000083a00000, 0x0000000083b00000|  0%| F|  |TS  0|AC  0|TAMS 0x0000000083a00000, 0x0000000083a00000|
|  27|0x0000000083b00000, 0x0000000083b00000, 0x0000000083c00000|  0%| F|  |TS  0|AC  0|TAMS 0x0000000083b00000, 0x0000000083b00000|
|  28|0x0000000083c00000, 0x0000000083c00000, 0x0000000083d00000|  0%| F|  |TS  0|AC  0|TAMS 0x0000000083c00000, 0x0000000083c00000|
|  29|0x0000000083d00000, 0x0000000083d00000, 0x0000000083e00000|  0%| F|  |TS  0|AC  0|TAMS 0x0000000083d00000, 0x0000000083d00000|
|  30|0x0000000083e00000, 0x0000000083e00000, 0x0000000083f00000|  0%| F|  |TS  0|AC  0|TAMS 0x0000000083e00000, 0x0000000083e00000|
|  31|0x0000000083f00000, 0x0000000083f00000, 0x0000000084000000|  0%| F|  |TS  0|AC  0|TAMS 0x0000000083f00000, 0x0000000083f00000|
|  32|0x0000000084000000, 0x0000000084000000, 0x0000000084100000|  0%| F|  |TS  0|AC  0|TAMS 0x0000000084000000, 0x0000000084000000|
|  33|0x0000000084100000, 0x0000000084100000, 0x0000000084200000|  0%| F|  |TS  0|AC  0|TAMS 0x0000000084100000, 0x0000000084100000|
|  34|0x0000000084200000, 0x0000000084200000, 0x0000000084300000|  0%| F|  |TS  0|AC  0|TAMS 0x0000000084200000, 0x0000000084200000|
|  35|0x0000000084300000, 0x0000000084300000, 0x0000000084400000|  0%| F|  |TS  0|AC  0|TAMS 0x0000000084300000, 0x0000000084300000|
|  36|0x0000000084400000, 0x0000000084400000, 0x0000000084500000|  0%| F|  |TS  0|AC  0|TAMS 0x0000000084400000, 0x0000000084400000|
|  37|0x0000000084500000, 0x0000000084500000, 0x0000000084600000|  0%| F|  |TS  0|AC  0|TAMS 0x0000000084500000, 0x0000000084500000|
|  38|0x0000000084600000, 0x0000000084600000, 0x0000000084700000|  0%| F|  |TS  0|AC  0|TAMS 0x0000000084600000, 0x0000000084600000|
|  39|0x0000000084700000, 0x0000000084700000, 0x0000000084800000|  0%| F|  |TS  0|AC  0|TAMS 0x0000000084700000, 0x0000000084700000|
|  40|0x0000000084800000, 0x0000000084800000, 0x0000000084900000|  0%| F|  |TS  0|AC  0|TAMS 0x0000000084800000, 0x0000000084800000|
|  41|0x0000000084900000, 0x0000000084900000, 0x0000000084a00000|  0%| F|  |TS  0|AC  0|TAMS 0x0000000084900000, 0x0000000084900000|
|  42|0x0000000084a00000, 0x0000000084a00000, 0x0000000084b00000|  0%| F|  |TS  0|AC  0|TAMS 0x0000000084a00000, 0x0000000084a00000|
|  43|0x0000000084b00000, 0x0000000084b00000, 0x0000000084c00000|  0%| F|  |TS  0|AC  0|TAMS 0x0000000084b00000, 0x0000000084b00000|
|  44|0x0000000084c00000, 0x0000000084c00000, 0x0000000084d00000|  0%| F|  |TS  0|AC  0|TAMS 0x0000000084c00000, 0x0000000084c00000|
|  45|0x0000000084d00000, 0x0000000084d00000, 0x0000000084e00000|  0%| F|  |TS  0|AC  0|TAMS 0x0000000084d00000, 0x0000000084d00000|
|  46|0x0000000084e00000, 0x0000000084e00000, 0x0000000084f00000|  0%| F|  |TS  0|AC  0|TAMS 0x0000000084e00000, 0x0000000084e00000|
|  47|0x0000000084f00000, 0x0000000084f00000, 0x0000000085000000|  0%| F|  |TS  0|AC  0|TAMS 0x0000000084f00000, 0x0000000084f00000|
|  48|0x0000000085000000, 0x0000000085000000, 0x0000000085100000|  0%| F|  |TS  0|AC  0|TAMS 0x0000000085000000, 0x0000000085000000|
|  49|0x0000000085100000, 0x0000000085100000, 0x0000000085200000|  0%| F|  |TS  0|AC  0|TAMS 0x0000000085100000, 0x0000000085100000|
|  50|0x0000000085200000, 0x0000000085200000, 0x0000000085300000|  0%| F|  |TS  0|AC  0|TAMS 0x0000000085200000, 0x0000000085200000|
|  51|0x0000000085300000, 0x0000000085300000, 0x0000000085400000|  0%| F|  |TS  0|AC  0|TAMS 0x0000000085300000, 0x0000000085300000|
|  52|0x0000000085400000, 0x0000000085400000, 0x0000000085500000|  0%| F|  |TS  0|AC  0|TAMS 0x0000000085400000, 0x0000000085400000|
|  53|0x0000000085500000, 0x0000000085500000, 0x0000000085600000|  0%| F|  |TS  0|AC  0|TAMS 0x0000000085500000, 0x0000000085500000|
|  54|0x0000000085600000, 0x0000000085600000, 0x0000000085700000|  0%| F|  |TS  0|AC  0|TAMS 0x0000000085600000, 0x0000000085600000|
|  55|0x0000000085700000, 0x0000000085700000, 0x0000000085800000|  0%| F|  |TS  0|AC  0|TAMS 0x0000000085700000, 0x0000000085700000|
|  56|0x0000000085800000, 0x0000000085800000, 0x0000000085900000|  0%| F|  |TS  0|AC  0|TAMS 0x0000000085800000, 0x0000000085800000|
|  57|0x0000000085900000, 0x0000000085900000, 0x0000000085a00000|  0%| F|  |TS  0|AC  0|TAMS 0x0000000085900000, 0x0000000085900000|
|  58|0x0000000085a00000, 0x0000000085a00000, 0x0000000085b00000|  0%| F|  |TS  0|AC  0|TAMS 0x0000000085a00000, 0x0000000085a00000|
|  59|0x0000000085b00000, 0x0000000085b00000, 0x0000000085c00000|  0%| F|  |TS  0|AC  0|TAMS 0x0000000085b00000, 0x0000000085b00000|
|  60|0x0000000085c00000, 0x0000000085c00000, 0x0000000085d00000|  0%| F|  |TS  0|AC  0|TAMS 0x0000000085c00000, 0x0000000085c00000|
|  61|0x0000000085d00000, 0x0000000085d00000, 0x0000000085e00000|  0%| F|  |TS  0|AC  0|TAMS 0x0000000085d00000, 0x0000000085d00000|
|  62|0x0000000085e00000, 0x0000000085e00000, 0x0000000085f00000|  0%| F|  |TS  0|AC  0|TAMS 0x0000000085e00000, 0x0000000085e00000|
|  63|0x0000000085f00000, 0x0000000085f00000, 0x0000000086000000|  0%| F|  |TS  0|AC  0|TAMS 0x0000000085f00000, 0x0000000085f00000|
|  64|0x0000000086000000, 0x0000000086000000, 0x0000000086100000|  0%| F|  |TS  0|AC  0|TAMS 0x0000000086000000, 0x0000000086000000|
|  65|0x0000000086100000, 0x0000000086100000, 0x0000000086200000|  0%| F|  |TS  0|AC  0|TAMS 0x0000000086100000, 0x0000000086100000|
|  66|0x0000000086200000, 0x0000000086200000, 0x0000000086300000|  0%| F|  |TS  0|AC  0|TAMS 0x0000000086200000, 0x0000000086200000|
|  67|0x0000000086300000, 0x0000000086300000, 0x0000000086400000|  0%| F|  |TS  0|AC  0|TAMS 0x0000000086300000, 0x0000000086300000|
|  68|0x0000000086400000, 0x0000000086400000, 0x0000000086500000|  0%| F|  |TS  0|AC  0|TAMS 0x0000000086400000, 0x0000000086400000|
|  69|0x0000000086500000, 0x0000000086500000, 0x0000000086600000|  0%| F|  |TS  0|AC  0|TAMS 0x0000000086500000, 0x0000000086500000|
|  70|0x0000000086600000, 0x0000000086600000, 0x0000000086700000|  0%| F|  |TS  0|AC  0|TAMS 0x0000000086600000, 0x0000000086600000|
|  71|0x0000000086700000, 0x0000000086700000, 0x0000000086800000|  0%| F|  |TS  0|AC  0|TAMS 0x0000000086700000, 0x0000000086700000|
|  72|0x0000000086800000, 0x0000000086800000, 0x0000000086900000|  0%| F|  |TS  0|AC  0|TAMS 0x0000000086800000, 0x0000000086800000|
|  73|0x0000000086900000, 0x0000000086900000, 0x0000000086a00000|  0%| F|  |TS  0|AC  0|TAMS 0x0000000086900000, 0x0000000086900000|
|  74|0x0000000086a00000, 0x0000000086a00000, 0x0000000086b00000|  0%| F|  |TS  0|AC  0|TAMS 0x0000000086a00000, 0x0000000086a00000|
|  75|0x0000000086b00000, 0x0000000086b00000, 0x0000000086c00000|  0%| F|  |TS  0|AC  0|TAMS 0x0000000086b00000, 0x0000000086b00000|
|  76|0x0000000086c00000, 0x0000000086c00000, 0x0000000086d00000|  0%| F|  |TS  0|AC  0|TAMS 0x0000000086c00000, 0x0000000086c00000|
|  77|0x0000000086d00000, 0x0000000086d00000, 0x0000000086e00000|  0%| F|  |TS  0|AC  0|TAMS 0x0000000086d00000, 0x0000000086d00000|
|  78|0x0000000086e00000, 0x0000000086e00000, 0x0000000086f00000|  0%| F|  |TS  0|AC  0|TAMS 0x0000000086e00000, 0x0000000086e00000|
|  79|0x0000000086f00000, 0x0000000086f00000, 0x0000000087000000|  0%| F|  |TS  0|AC  0|TAMS 0x0000000086f00000, 0x0000000086f00000|
|  80|0x0000000087000000, 0x0000000087000000, 0x0000000087100000|  0%| F|  |TS  0|AC  0|TAMS 0x0000000087000000, 0x0000000087000000|
|  81|0x0000000087100000, 0x0000000087100000, 0x0000000087200000|  0%| F|  |TS  0|AC  0|TAMS 0x0000000087100000, 0x0000000087100000|
|  82|0x0000000087200000, 0x0000000087200000, 0x0000000087300000|  0%| F|  |TS  0|AC  0|TAMS 0x0000000087200000, 0x0000000087200000|
|  83|0x0000000087300000, 0x0000000087300000, 0x0000000087400000|  0%| F|  |TS  0|AC  0|TAMS 0x0000000087300000, 0x0000000087300000|
|  84|0x0000000087400000, 0x0000000087400000, 0x0000000087500000|  0%| F|  |TS  0|AC  0|TAMS 0x0000000087400000, 0x0000000087400000|
|  85|0x0000000087500000, 0x0000000087500000, 0x0000000087600000|  0%| F|  |TS  0|AC  0|TAMS 0x0000000087500000, 0x0000000087500000|
|  86|0x0000000087600000, 0x0000000087600000, 0x0000000087700000|  0%| F|  |TS  0|AC  0|TAMS 0x0000000087600000, 0x0000000087600000|
|  87|0x0000000087700000, 0x0000000087700000, 0x0000000087800000|  0%| F|  |TS  0|AC  0|TAMS 0x0000000087700000, 0x0000000087700000|
|  88|0x0000000087800000, 0x0000000087800000, 0x0000000087900000|  0%| F|  |TS  0|AC  0|TAMS 0x0000000087800000, 0x0000000087800000|
|  89|0x0000000087900000, 0x0000000087900000, 0x0000000087a00000|  0%| F|  |TS  0|AC  0|TAMS 0x0000000087900000, 0x0000000087900000|
|  90|0x0000000087a00000, 0x0000000087a00000, 0x0000000087b00000|  0%| F|  |TS  0|AC  0|TAMS 0x0000000087a00000, 0x0000000087a00000|
|  91|0x0000000087b00000, 0x0000000087b00000, 0x0000000087c00000|  0%| F|  |TS  0|AC  0|TAMS 0x0000000087b00000, 0x0000000087b00000|
|  92|0x0000000087c00000, 0x0000000087c00000, 0x0000000087d00000|  0%| F|  |TS  0|AC  0|TAMS 0x0000000087c00000, 0x0000000087c00000|
|  93|0x0000000087d00000, 0x0000000087d00000, 0x0000000087e00000|  0%| F|  |TS  0|AC  0|TAMS 0x0000000087d00000, 0x0000000087d00000|
|  94|0x0000000087e00000, 0x0000000087e00000, 0x0000000087f00000|  0%| F|  |TS  0|AC  0|TAMS 0x0000000087e00000, 0x0000000087e00000|
|  95|0x0000000087f00000, 0x0000000087f00000, 0x0000000088000000|  0%| F|  |TS  0|AC  0|TAMS 0x0000000087f00000, 0x0000000087f00000|
|  96|0x0000000088000000, 0x0000000088000000, 0x0000000088100000|  0%| F|  |TS  0|AC  0|TAMS 0x0000000088000000, 0x0000000088000000|
|  97|0x0000000088100000, 0x0000000088100000, 0x0000000088200000|  0%| F|  |TS  0|AC  0|TAMS 0x0000000088100000, 0x0000000088100000|
|  98|0x0000000088200000, 0x0000000088200000, 0x0000000088300000|  0%| F|  |TS  0|AC  0|TAMS 0x0000000088200000, 0x0000000088200000|
|  99|0x0000000088300000, 0x0000000088300000, 0x0000000088400000|  0%| F|  |TS  0|AC  0|TAMS 0x0000000088300000, 0x0000000088300000|
| 100|0x0000000088400000, 0x0000000088400000, 0x0000000088500000|  0%| F|  |TS  0|AC  0|TAMS 0x0000000088400000, 0x0000000088400000|
| 101|0x0000000088500000, 0x0000000088500000, 0x0000000088600000|  0%| F|  |TS  0|AC  0|TAMS 0x0000000088500000, 0x0000000088500000|
| 102|0x0000000088600000, 0x0000000088600000, 0x0000000088700000|  0%| F|  |TS  0|AC  0|TAMS 0x0000000088600000, 0x0000000088600000|
| 103|0x0000000088700000, 0x0000000088700000, 0x0000000088800000|  0%| F|  |TS  0|AC  0|TAMS 0x0000000088700000, 0x0000000088700000|
| 104|0x0000000088800000, 0x0000000088800000, 0x0000000088900000|  0%| F|  |TS  0|AC  0|TAMS 0x0000000088800000, 0x0000000088800000|
| 105|0x0000000088900000, 0x0000000088900000, 0x0000000088a00000|  0%| F|  |TS  0|AC  0|TAMS 0x0000000088900000, 0x0000000088900000|
| 106|0x0000000088a00000, 0x0000000088a00000, 0x0000000088b00000|  0%| F|  |TS  0|AC  0|TAMS 0x0000000088a00000, 0x0000000088a00000|
| 107|0x0000000088b00000, 0x0000000088b00000, 0x0000000088c00000|  0%| F|  |TS  0|AC  0|TAMS 0x0000000088b00000, 0x0000000088b00000|
| 108|0x0000000088c00000, 0x0000000088c00000, 0x0000000088d00000|  0%| F|  |TS  0|AC  0|TAMS 0x0000000088c00000, 0x0000000088c00000|
| 109|0x0000000088d00000, 0x0000000088d00000, 0x0000000088e00000|  0%| F|  |TS  0|AC  0|TAMS 0x0000000088d00000, 0x0000000088d00000|
| 110|0x0000000088e00000, 0x0000000088e00000, 0x0000000088f00000|  0%| F|  |TS  0|AC  0|TAMS 0x0000000088e00000, 0x0000000088e00000|
| 111|0x0000000088f00000, 0x0000000088f00000, 0x0000000089000000|  0%| F|  |TS  0|AC  0|TAMS 0x0000000088f00000, 0x0000000088f00000|
| 112|0x0000000089000000, 0x0000000089000000, 0x0000000089100000|  0%| F|  |TS  0|AC  0|TAMS 0x0000000089000000, 0x0000000089000000|
| 113|0x0000000089100000, 0x0000000089100000, 0x0000000089200000|  0%| F|  |TS  0|AC  0|TAMS 0x0000000089100000, 0x0000000089100000|
| 114|0x0000000089200000, 0x0000000089200000, 0x0000000089300000|  0%| F|  |TS  0|AC  0|TAMS 0x0000000089200000, 0x0000000089200000|
| 115|0x0000000089300000, 0x0000000089300000, 0x0000000089400000|  0%| F|  |TS  0|AC  0|TAMS 0x0000000089300000, 0x0000000089300000|
| 116|0x0000000089400000, 0x0000000089400000, 0x0000000089500000|  0%| F|  |TS  0|AC  0|TAMS 0x0000000089400000, 0x0000000089400000|
| 117|0x0000000089500000, 0x0000000089500000, 0x0000000089600000|  0%| F|  |TS  0|AC  0|TAMS 0x0000000089500000, 0x0000000089500000|
| 118|0x0000000089600000, 0x0000000089600000, 0x0000000089700000|  0%| F|  |TS  0|AC  0|TAMS 0x0000000089600000, 0x0000000089600000|
| 119|0x0000000089700000, 0x0000000089700000, 0x0000000089800000|  0%| F|  |TS  0|AC  0|TAMS 0x0000000089700000, 0x0000000089700000|
| 120|0x0000000089800000, 0x0000000089800000, 0x0000000089900000|  0%| F|  |TS  0|AC  0|TAMS 0x0000000089800000, 0x0000000089800000|
| 121|0x0000000089900000, 0x0000000089990770, 0x0000000089a00000| 56%| E|  |TS  0|AC  0|TAMS 0x0000000089900000, 0x0000000089900000|
| 122|0x0000000089a00000, 0x0000000089b00000, 0x0000000089b00000|100%| E|CS|TS  0|AC  0|TAMS 0x0000000089a00000, 0x0000000089a00000|
| 123|0x0000000089b00000, 0x0000000089c00000, 0x0000000089c00000|100%| E|CS|TS  0|AC  0|TAMS 0x0000000089b00000, 0x0000000089b00000|
| 124|0x0000000089c00000, 0x0000000089d00000, 0x0000000089d00000|100%| E|CS|TS  0|AC  0|TAMS 0x0000000089c00000, 0x0000000089c00000|
| 125|0x0000000089d00000, 0x0000000089e00000, 0x0000000089e00000|100%| E|CS|TS  0|AC  0|TAMS 0x0000000089d00000, 0x0000000089d00000|

Card table byte_map: [0x0000025379e50000,0x000002537a240000] byte_map_base: 0x0000025379a40000

Marking Bits (Prev, Next): (CMBitMap*) 0x000002535f779e00, (CMBitMap*) 0x000002535f779e38
 Prev Bits: [0x000002537a630000, 0x000002537c5b0000)
 Next Bits: [0x000002537c5b0000, 0x000002537e530000)

Polling page: 0x000002535d4f0000

CodeHeap 'non-profiled nmethods': size=120064Kb used=120Kb max_used=120Kb free=119943Kb
 bounds [0x0000025372520000, 0x0000025372790000, 0x0000025379a60000]
CodeHeap 'profiled nmethods': size=120000Kb used=409Kb max_used=409Kb free=119590Kb
 bounds [0x000002536aff0000, 0x000002536b260000, 0x0000025372520000]
CodeHeap 'non-nmethods': size=5696Kb used=1130Kb max_used=1146Kb free=4565Kb
 bounds [0x000002536aa60000, 0x000002536acd0000, 0x000002536aff0000]
 total_blobs=751 nmethods=324 adapters=254
 compilation: enabled

Compilation events (10 events):
Event: 2.961 Thread 0x000002537f3ae000  320       3       java.lang.StringUTF16::putChar (54 bytes)
Event: 2.961 Thread 0x000002537f3ae000 nmethod 320 0x000002536b055c90 code [0x000002536b055e40, 0x000002536b055fd8]
Event: 10.115 Thread 0x000002537f3ae000  321       1       java.util.ArrayList::access$000 (5 bytes)
Event: 10.116 Thread 0x000002537f3ae000 nmethod 321 0x000002537253d690 code [0x000002537253d840, 0x000002537253d938]
Event: 12.516 Thread 0x000002537f3ae000  322       1       java.nio.Buffer::position (5 bytes)
Event: 12.516 Thread 0x000002537f3ae000 nmethod 322 0x000002537253da10 code [0x000002537253dbc0, 0x000002537253dcd8]
Event: 20.901 Thread 0x000002537f3ae000  323       3       java.util.ArrayList::isEmpty (13 bytes)
Event: 20.902 Thread 0x000002537f3ae000 nmethod 323 0x000002536b056110 code [0x000002536b0562c0, 0x000002536b056478]
Event: 134.464 Thread 0x000002537f3ae000  324       1       com.arjuna.season17.Vertex::getMinDistance (5 bytes)
Event: 134.465 Thread 0x000002537f3ae000 nmethod 324 0x000002537253dd90 code [0x000002537253df40, 0x000002537253e058]

GC Heap History (0 events):
No events

Deoptimization events (3 events):
Event: 0.189 Thread 0x000002535f6e2800 Uncommon trap: reason=unstable_if action=reinterpret pc=0x000002537252d2b8 method=java.util.HashMap.putVal(ILjava/lang/Object;Ljava/lang/Object;ZZ)Ljava/lang/Object; @ 69 c2
Event: 0.272 Thread 0x000002535f6e2800 Uncommon trap: reason=unstable_if action=reinterpret pc=0x0000025372523208 method=java.lang.String.hashCode()I @ 14 c2
Event: 0.358 Thread 0x000002535f6e2800 Uncommon trap: reason=unstable_if action=reinterpret pc=0x0000025372532f7c method=java.lang.String.charAt(I)C @ 4 c2

Classes redefined (10 events):
Event: 373.268 Thread 0x000002537ea32000 redefined class name=com.arjuna.season17.CircularPaths, count=1
Event: 373.269 Thread 0x000002537ea32000 redefined class name=com.arjuna.season17.Vertex, count=1
Event: 373.269 Thread 0x000002537ea32000 redefined class name=com.arjuna.season17.Edge, count=1
Event: 373.270 Thread 0x000002537ea32000 redefined class name=com.arjuna.season17.CircularArrayList, count=1
Event: 373.271 Thread 0x000002537ea32000 redefined class name=com.arjuna.season17.Algorithm, count=1
Event: 480.309 Thread 0x000002537ea32000 redefined class name=com.arjuna.season17.CircularPaths, count=2
Event: 480.310 Thread 0x000002537ea32000 redefined class name=com.arjuna.season17.Vertex, count=2
Event: 480.310 Thread 0x000002537ea32000 redefined class name=com.arjuna.season17.Edge, count=2
Event: 480.311 Thread 0x000002537ea32000 redefined class name=com.arjuna.season17.CircularArrayList, count=2
Event: 480.311 Thread 0x000002537ea32000 redefined class name=com.arjuna.season17.Algorithm, count=2

Internal exceptions (2 events):
Event: 0.400 Thread 0x000002535f6e2800 Exception <a 'java/lang/NoSuchMethodError'{0x0000000089a66258}: java.lang.Object.lambda$negate$3(I)Z> (0x0000000089a66258) thrown at [t:/workspace/open/src/hotspot/share/interpreter/linkResolver.cpp, line 741]
Event: 0.401 Thread 0x000002535f6e2800 Exception <a 'java/lang/NoSuchMethodError'{0x0000000089a69578}: java.lang.Object.lambda$and$0(Ljava/util/regex/Pattern$CharPredicate;I)Z> (0x0000000089a69578) thrown at [t:/workspace/open/src/hotspot/share/interpreter/linkResolver.cpp, line 741]

Events (10 events):
Event: 480.460 Executing VM operation: ChangeBreakpoints done
Event: 480.462 Executing VM operation: ChangeBreakpoints
Event: 480.462 Executing VM operation: ChangeBreakpoints done
Event: 480.462 Executing VM operation: ChangeBreakpoints
Event: 480.462 Executing VM operation: ChangeBreakpoints done
Event: 480.466 Executing VM operation: GetFrameCount
Event: 480.466 Executing VM operation: GetFrameCount done
Event: 480.466 Executing VM operation: GetFrameLocation
Event: 480.466 Executing VM operation: GetFrameLocation done
Event: 480.487 Executing VM operation: GetOrSetLocal


Dynamic libraries:
0x00007ff706000000 - 0x00007ff70603e000 	C:\Program Files\Java\jdk-10.0.1\bin\java.exe
0x00007ffe23910000 - 0x00007ffe23b01000 	C:\WINDOWS\SYSTEM32\ntdll.dll
0x00007ffe22850000 - 0x00007ffe22902000 	C:\WINDOWS\System32\KERNEL32.DLL
0x00007ffe21430000 - 0x00007ffe216d0000 	C:\WINDOWS\System32\KERNELBASE.dll
0x00007ffe1e730000 - 0x00007ffe1e7bf000 	C:\WINDOWS\SYSTEM32\apphelp.dll
0x00007ffe234b0000 - 0x00007ffe23552000 	C:\WINDOWS\System32\ADVAPI32.dll
0x00007ffe219e0000 - 0x00007ffe21a7e000 	C:\WINDOWS\System32\msvcrt.dll
0x00007ffe23560000 - 0x00007ffe235f7000 	C:\WINDOWS\System32\sechost.dll
0x00007ffe22500000 - 0x00007ffe2261f000 	C:\WINDOWS\System32\RPCRT4.dll
0x00007ffe21e90000 - 0x00007ffe22028000 	C:\WINDOWS\System32\USER32.dll
0x00007ffe21400000 - 0x00007ffe21421000 	C:\WINDOWS\System32\win32u.dll
0x00007ffe224b0000 - 0x00007ffe224d6000 	C:\WINDOWS\System32\GDI32.dll
0x00007ffe21750000 - 0x00007ffe218df000 	C:\WINDOWS\System32\gdi32full.dll
0x00007ffe20ad0000 - 0x00007ffe20b6e000 	C:\WINDOWS\System32\msvcp_win.dll
0x00007ffe218e0000 - 0x00007ffe219dc000 	C:\WINDOWS\System32\ucrtbase.dll
0x00007ffe18390000 - 0x00007ffe18615000 	C:\WINDOWS\WinSxS\amd64_microsoft.windows.common-controls_6595b64144ccf1df_6.0.18323.1000_none_9f92f4c6fc3c1474\COMCTL32.dll
0x00007ffe21b50000 - 0x00007ffe21e88000 	C:\WINDOWS\System32\combase.dll
0x00007ffe216d0000 - 0x00007ffe2174e000 	C:\WINDOWS\System32\bcryptPrimitives.dll
0x00007ffe10c80000 - 0x00007ffe10c8a000 	C:\WINDOWS\SYSTEM32\VERSION.dll
0x00007ffe22620000 - 0x00007ffe2264d000 	C:\WINDOWS\System32\IMM32.DLL
0x00007ffdf0b70000 - 0x00007ffdf0c5f000 	C:\Program Files\Java\jdk-10.0.1\bin\msvcr120.dll
0x00007ffdf0ac0000 - 0x00007ffdf0b66000 	C:\Program Files\Java\jdk-10.0.1\bin\msvcp120.dll
0x0000000061720000 - 0x0000000062190000 	C:\Program Files\Java\jdk-10.0.1\bin\server\jvm.dll
0x00007ffe233c0000 - 0x00007ffe233c8000 	C:\WINDOWS\System32\PSAPI.DLL
0x00007ffe04760000 - 0x00007ffe04769000 	C:\WINDOWS\SYSTEM32\WSOCK32.dll
0x00007ffe1e5d0000 - 0x00007ffe1e5f4000 	C:\WINDOWS\SYSTEM32\WINMM.dll
0x00007ffe22910000 - 0x00007ffe2297f000 	C:\WINDOWS\System32\WS2_32.dll
0x00007ffe1e4a0000 - 0x00007ffe1e4cd000 	C:\WINDOWS\SYSTEM32\winmmbase.dll
0x00007ffe20a80000 - 0x00007ffe20acb000 	C:\WINDOWS\System32\cfgmgr32.dll
0x00007ffe1d080000 - 0x00007ffe1d08f000 	C:\Program Files\Java\jdk-10.0.1\bin\verify.dll
0x00007ffe07d40000 - 0x00007ffe07f2e000 	C:\WINDOWS\SYSTEM32\DBGHELP.DLL
0x00007ffe07d10000 - 0x00007ffe07d3a000 	C:\WINDOWS\SYSTEM32\dbgcore.DLL
0x00007ffe121c0000 - 0x00007ffe121e7000 	C:\Program Files\Java\jdk-10.0.1\bin\java.dll
0x00007ffdf0cc0000 - 0x00007ffdf0cf6000 	C:\Program Files\Java\jdk-10.0.1\bin\jdwp.dll
0x00007ffe0c370000 - 0x00007ffe0c39a000 	C:\Program Files\Java\jdk-10.0.1\bin\instrument.dll
0x00007ffe1cc40000 - 0x00007ffe1cc56000 	C:\Program Files\Java\jdk-10.0.1\bin\zip.dll
0x00007ffe18a50000 - 0x00007ffe18a5a000 	C:\Program Files\Java\jdk-10.0.1\bin\jimage.dll
0x00007ffe22a40000 - 0x00007ffe2311e000 	C:\WINDOWS\System32\SHELL32.dll
0x00007ffe22650000 - 0x00007ffe226f7000 	C:\WINDOWS\System32\shcore.dll
0x00007ffe20c40000 - 0x00007ffe213c5000 	C:\WINDOWS\System32\windows.storage.dll
0x00007ffe208b0000 - 0x00007ffe208cd000 	C:\WINDOWS\System32\profapi.dll
0x00007ffe20860000 - 0x00007ffe208aa000 	C:\WINDOWS\System32\powrprof.dll
0x00007ffe20810000 - 0x00007ffe20820000 	C:\WINDOWS\System32\UMPDC.dll
0x00007ffe23600000 - 0x00007ffe23652000 	C:\WINDOWS\System32\shlwapi.dll
0x00007ffe20820000 - 0x00007ffe20831000 	C:\WINDOWS\System32\kernel.appcore.dll
0x00007ffe20c20000 - 0x00007ffe20c37000 	C:\WINDOWS\System32\cryptsp.dll
0x00007ffe121b0000 - 0x00007ffe121ba000 	C:\Program Files\Java\jdk-10.0.1\bin\dt_socket.dll
0x00007ffe20020000 - 0x00007ffe20087000 	C:\WINDOWS\system32\mswsock.dll
0x00007ffe0f940000 - 0x00007ffe0f95a000 	C:\Program Files\Java\jdk-10.0.1\bin\net.dll
0x00007ffe18620000 - 0x00007ffe18710000 	C:\WINDOWS\SYSTEM32\WINHTTP.dll
0x00007ffe0c320000 - 0x00007ffe0c331000 	C:\Program Files\Java\jdk-10.0.1\bin\nio.dll

dbghelp: loaded successfully - version: 4.0.5 - missing functions: none
symbol engine: initialized successfully - sym options: 0x614 - pdb path: .;C:\Program Files\Java\jdk-10.0.1\bin;C:\WINDOWS\SYSTEM32;C:\WINDOWS\WinSxS\amd64_microsoft.windows.common-controls_6595b64144ccf1df_6.0.18323.1000_none_9f92f4c6fc3c1474;C:\Program Files\Java\jdk-10.0.1\bin\server

VM Arguments:
jvm_args: -agentlib:jdwp=transport=dt_socket,address=127.0.0.1:16784,suspend=y,server=n -javaagent:C:\Users\Keshav\.IdeaIC2018.2\system\captureAgent\debugger-agent.jar=file:/C:/Users/Keshav/AppData/Local/Temp/capture.props -Dfile.encoding=UTF-8 
java_command: com.arjuna.season17.CircularPaths
java_class_path (initial): C:\Users\Keshav\Arjuna\out\production\Arjuna;C:\Program Files\JetBrains\IntelliJ IDEA Community Edition 2018.2.6\lib\idea_rt.jar
Launcher Type: SUN_STANDARD

Logging:
Log output configuration:
#0: stdout all=warning uptime,level,tags
#1: stderr all=off uptime,level,tags

Environment Variables:
PATH=C:\Program Files (x86)\Common Files\Intel\Shared Libraries\redist\intel64\compiler;C:\WINDOWS\system32;C:\WINDOWS;C:\WINDOWS\System32\Wbem;C:\WINDOWS\System32\WindowsPowerShell\v1.0\;C:\WINDOWS\System32\OpenSSH\;C:\Program Files\nodejs\;C:\Program Files\Git\cmd;C:\Program Files\PuTTY\;C:\Users\Keshav\AppData\Local\Programs\Python\Python37-32;C:\Program Files (x86)\QuickTime\QTSystem\;C:\Program Files\Java\jdk-10.0.1\bin;C:\Users\Keshav\AppData\Roaming\npm;C:\Program Files (x86)\Nmap;C:\Users\Keshav\AppData\Local\Microsoft\WindowsApps;C:\Users\Keshav\AppData\Local\Programs\Microsoft VS Code\bin;C:\Users\Keshav\AppData\Local\GitHubDesktop\bin;C:\Program Files\JetBrains\WebStorm 2018.3.3\bin;;C:\Users\Keshav\AppData\Local\Microsoft\WindowsApps;
USERNAME=Keshav
OS=Windows_NT
PROCESSOR_IDENTIFIER=Intel64 Family 6 Model 142 Stepping 9, GenuineIntel



---------------  S Y S T E M  ---------------

OS: Windows 10 , 64 bit Build 18323 (10.0.18323.1000)

CPU:total 4 (initial active 4) (2 cores per cpu, 2 threads per core) family 6 model 142 stepping 9, cmov, cx8, fxsr, mmx, sse, sse2, sse3, ssse3, sse4.1, sse4.2, popcnt, avx, avx2, aes, clmul, erms, 3dnowpref, lzcnt, ht, tsc, tscinvbit, bmi1, bmi2, adx, fma

Memory: 4k page, physical 8253672k(3116476k free), swap 12349672k(4001004k free)

vm_info: Java HotSpot(TM) 64-Bit Server VM (10.0.1+10) for windows-amd64 JRE (10.0.1+10), built on Mar 27 2018 02:27:48 by "mach5one" with MS VC++ 12.0 (VS2013)

END.
