#
# A fatal error has been detected by the Java Runtime Environment:
#
#  EXCEPTION_ACCESS_VIOLATION (0xc0000005) at pc=0x0000000067dbd7e6, pid=5872, tid=4544
#
# JRE version: Java(TM) SE Runtime Environment (10.0.1+10) (build 10.0.1+10)
# Java VM: Java HotSpot(TM) 64-Bit Server VM (10.0.1+10, mixed mode, tiered, compressed oops, g1 gc, windows-amd64)
# Problematic frame:
# V  [jvm.dll+0x61d7e6]
#
# No core dump will be written. Minidumps are not enabled by default on client versions of Windows
#
# If you would like to submit a bug report, please visit:
#   http://bugreport.java.com/bugreport/crash.jsp
#

---------------  S U M M A R Y ------------

Command Line: -agentlib:jdwp=transport=dt_socket,address=127.0.0.1:1408,suspend=y,server=n -javaagent:C:\Users\Keshav\.IdeaIC2018.2\system\captureAgent\debugger-agent.jar=file:/C:/Users/Keshav/AppData/Local/Temp/capture.props -Dfile.encoding=UTF-8 com.arjuna.season17.Dacoit

Host: Intel(R) Core(TM) i5-7200U CPU @ 2.50GHz, 4 cores, 7G,  Windows 10 , 64 bit Build 18329 (10.0.18329.1)
Time: Mon Feb 04 22:09:16 2019 India Standard Time elapsed time: 269 seconds (0d 0h 4m 29s)

---------------  T H R E A D  ---------------

Current thread (0x000001fcb90b1000):  VMThread "VM Thread" [stack: 0x0000008a8ad00000,0x0000008a8ae00000] [id=4544]

Stack: [0x0000008a8ad00000,0x0000008a8ae00000],  sp=0x0000008a8adfe930,  free space=1018k
Native frames: (J=compiled Java code, j=interpreted, Vv=VM code, C=native code)
V  [jvm.dll+0x61d7e6]
V  [jvm.dll+0x31dbe3]
V  [jvm.dll+0x31fbd3]
V  [jvm.dll+0x3201ce]
V  [jvm.dll+0x31d9a5]
V  [jvm.dll+0x31cd63]
V  [jvm.dll+0x590c0f]
V  [jvm.dll+0x590ff6]
V  [jvm.dll+0x590db6]
V  [jvm.dll+0x55c228]
V  [jvm.dll+0x473b9a]
V  [jvm.dll+0x6c485c]
V  [jvm.dll+0x6c2fc5]
V  [jvm.dll+0x6c37d0]
V  [jvm.dll+0x6c3b0c]
V  [jvm.dll+0x59f680]
C  [msvcr120.dll+0x24f7f]
C  [msvcr120.dll+0x25126]
C  [KERNEL32.DLL+0x16304]
C  [ntdll.dll+0x479f1]


siginfo: EXCEPTION_ACCESS_VIOLATION (0xc0000005), reading address 0x0000000000000006


Register to memory mapping:

RIP=0x0000000067dbd7e6 jvm.dll
RAX=0x0000000000000000 is an unknown value
RBX=0x0000000000000000 is an unknown value
RCX=0x0000008a8adfe990 is an unknown value
RDX=0x0000000000000000 is an unknown value
RSP=0x0000008a8adfe930 is an unknown value
RBP=0x0000008a8adfeeb0 is an unknown value
RSI=0x0000000000000000 is an unknown value
RDI=0x0000008a8adff030 is an unknown value
R8 =0x0000000000000000 is an unknown value
R9 =0x000001fcb9575e58 is pointing into metadata
R10=0x000001fcb9a8fd90 is an unknown value
R11=0x000001fcb9040740 is an unknown value
R12=0x0000000067f1d601 jvm.dll
R13=0x0000000000000000 is an unknown value
R14=0x000000000000000c is an unknown value
R15=0x00000000000001e0 is an unknown value


Registers:
RAX=0x0000000000000000, RBX=0x0000000000000000, RCX=0x0000008a8adfe990, RDX=0x0000000000000000
RSP=0x0000008a8adfe930, RBP=0x0000008a8adfeeb0, RSI=0x0000000000000000, RDI=0x0000008a8adff030
R8 =0x0000000000000000, R9 =0x000001fcb9575e58, R10=0x000001fcb9a8fd90, R11=0x000001fcb9040740
R12=0x0000000067f1d601, R13=0x0000000000000000, R14=0x000000000000000c, R15=0x00000000000001e0
RIP=0x0000000067dbd7e6, EFLAGS=0x0000000000010206

Top of Stack: (sp=0x0000008a8adfe930)
0x0000008a8adfe930:   0000008a8adfe990 0000000067dbdca6
0x0000008a8adfe940:   0000000000000000 0000000000000000
0x0000008a8adfe950:   0000000000000000 0000000067abdbe3
0x0000008a8adfe960:   0000000000000000 0000008a8adff030
0x0000008a8adfe970:   0000008a8adfe9d0 0000000000000000
0x0000008a8adfe980:   0000000000000000 0000000000000000
0x0000008a8adfe990:   0000000067f68488 0000000000000000
0x0000008a8adfe9a0:   0000000000000000 0000008a0000000e
0x0000008a8adfe9b0:   0000008a8adfe9c0 0000000000000000
0x0000008a8adfe9c0:   0000000000000000 0000000000000000
0x0000008a8adfe9d0:   4fffffff4fffffff 000001fcb8f74678
0x0000008a8adfe9e0:   0000000000000002 000000000000000a
0x0000008a8adfe9f0:   0000008a8adfea10 0000000000000001
0x0000008a8adfea00:   000000002fffffff 0000000000000000
0x0000008a8adfea10:   2fffffff4fffffff 000000004fffffff
0x0000008a8adfea20:   0000008a8adff030 0000000067dbd9ac 

Instructions: (pc=0x0000000067dbd7e6)
0x0000000067dbd7c6:   61 00 8d d7 61 00 cc cc cc cc 40 53 48 83 ec 20
0x0000000067dbd7d6:   48 8b 41 08 c7 41 10 00 00 00 00 48 89 7c 24 38
0x0000000067dbd7e6:   80 78 06 28 48 8b d9 74 22 41 b9 28 00 00 00 4c
0x0000000067dbd7f6:   8d 05 64 36 1f 00 48 8d 0d 6d 36 1f 00 41 8d 51 


VM_Operation (0x0000008a8b6ff680): GetOrSetLocal, mode: safepoint, requested by thread 0x000001fcb9d36800


---------------  P R O C E S S  ---------------

Threads class SMR info:
_java_thread_list=0x000001fcb9cbf8d0, length=14, elements={
0x000001fc95e01000, 0x000001fcb90b3800, 0x000001fcb90be800, 0x000001fcb9a32800,
0x000001fcb9a33800, 0x000001fcb90d4800, 0x000001fcb90ea000, 0x000001fcb9a7b800,
0x000001fcb9a86000, 0x000001fcb9d36800, 0x000001fcb9d39000, 0x000001fcb9d42000,
0x000001fcb9d31000, 0x000001fcb9cb9000
}

Java Threads: ( => current thread )
  0x000001fc95e01000 JavaThread "main" [_thread_blocked, id=9088, stack(0x0000008a8a100000,0x0000008a8a200000)]
  0x000001fcb90b3800 JavaThread "Reference Handler" daemon [_thread_blocked, id=252, stack(0x0000008a8ae00000,0x0000008a8af00000)]
  0x000001fcb90be800 JavaThread "Finalizer" daemon [_thread_blocked, id=5432, stack(0x0000008a8af00000,0x0000008a8b000000)]
  0x000001fcb9a32800 JavaThread "Signal Dispatcher" daemon [_thread_blocked, id=10316, stack(0x0000008a8b000000,0x0000008a8b100000)]
  0x000001fcb9a33800 JavaThread "Attach Listener" daemon [_thread_blocked, id=8640, stack(0x0000008a8b100000,0x0000008a8b200000)]
  0x000001fcb90d4800 JavaThread "C2 CompilerThread0" daemon [_thread_blocked, id=1104, stack(0x0000008a8b200000,0x0000008a8b300000)]
  0x000001fcb90ea000 JavaThread "C2 CompilerThread1" daemon [_thread_blocked, id=7504, stack(0x0000008a8b300000,0x0000008a8b400000)]
  0x000001fcb9a7b800 JavaThread "C1 CompilerThread2" daemon [_thread_blocked, id=840, stack(0x0000008a8b400000,0x0000008a8b500000)]
  0x000001fcb9a86000 JavaThread "Sweeper thread" daemon [_thread_blocked, id=10276, stack(0x0000008a8b500000,0x0000008a8b600000)]
  0x000001fcb9d36800 JavaThread "JDWP Transport Listener: dt_socket" daemon [_thread_blocked, id=8104, stack(0x0000008a8b600000,0x0000008a8b700000)] _threads_hazard_ptr=0x000001fcb9cbf8d0
  0x000001fcb9d39000 JavaThread "JDWP Event Helper Thread" daemon [_thread_blocked, id=2856, stack(0x0000008a8b700000,0x0000008a8b800000)]
  0x000001fcb9d42000 JavaThread "JDWP Command Reader" daemon [_thread_in_native, id=5888, stack(0x0000008a8b800000,0x0000008a8b900000)]
  0x000001fcb9d31000 JavaThread "Common-Cleaner" daemon [_thread_blocked, id=3324, stack(0x0000008a8b900000,0x0000008a8ba00000)]
  0x000001fcb9cb9000 JavaThread "Service Thread" daemon [_thread_blocked, id=6924, stack(0x0000008a8ba00000,0x0000008a8bb00000)]

Other Threads:
=>0x000001fcb90b1000 VMThread "VM Thread" [stack: 0x0000008a8ad00000,0x0000008a8ae00000] [id=4544]
  0x000001fcb9cc3000 WatcherThread [stack: 0x0000008a8bb00000,0x0000008a8bc00000] [id=8808]
  0x000001fc95e1b000 GCTaskThread "GC Thread#0" [stack: 0x0000008a8a200000,0x0000008a8a300000] [id=9660]
  0x000001fc95e1c800 GCTaskThread "GC Thread#1" [stack: 0x0000008a8a300000,0x0000008a8a400000] [id=7684]
  0x000001fc95e1e000 GCTaskThread "GC Thread#2" [stack: 0x0000008a8a400000,0x0000008a8a500000] [id=2844]
  0x000001fc95e20800 GCTaskThread "GC Thread#3" [stack: 0x0000008a8a500000,0x0000008a8a600000] [id=8396]
  0x000001fc95e8c000 ConcurrentGCThread "G1 Main Marker" [stack: 0x0000008a8a600000,0x0000008a8a700000] [id=4616]
  0x000001fc95e8f800 ConcurrentGCThread "G1 Conc#0" [stack: 0x0000008a8a700000,0x0000008a8a800000] [id=7904]
  0x000001fcb8f38800 ConcurrentGCThread "G1 Refine#0" [stack: 0x0000008a8a800000,0x0000008a8a900000] [id=11068]
  0x000001fcb8f39000 ConcurrentGCThread "G1 Refine#1" [stack: 0x0000008a8a900000,0x0000008a8aa00000] [id=9748]
  0x000001fcb8f3a000 ConcurrentGCThread "G1 Refine#2" [stack: 0x0000008a8aa00000,0x0000008a8ab00000] [id=10768]
  0x000001fcb8f3b000 ConcurrentGCThread "G1 Refine#3" [stack: 0x0000008a8ab00000,0x0000008a8ac00000] [id=7968]
  0x000001fcb8f3e000 ConcurrentGCThread "G1 Young RemSet Sampling" [stack: 0x0000008a8ac00000,0x0000008a8ad00000] [id=10928]

Threads with active compile tasks:

VM state:at safepoint (normal execution)

VM Mutex/Monitor currently owned by a thread:  ([mutex/lock_event])
[0x000001fc95dfbf90] Threads_lock - owner thread: 0x000001fcb90b1000

Heap address: 0x0000000082000000, size: 2016 MB, Compressed Oops mode: 32-bit
Narrow klass base: 0x0000000000000000, Narrow klass shift: 3
Compressed class space size: 1073741824 Address: 0x0000000100000000

Heap:
 garbage-first heap   total 129024K, used 5120K [0x0000000082000000, 0x0000000100000000)
  region size 1024K, 6 young (6144K), 0 survivors (0K)
 Metaspace       used 7503K, capacity 7655K, committed 7936K, reserved 1056768K
  class space    used 637K, capacity 704K, committed 768K, reserved 1048576K
Heap Regions: E=young(eden), S=young(survivor), O=old, HS=humongous(starts), HC=humongous(continues), CS=collection set, F=free, A=archive, TS=gc time stamp, AC=allocation context, TAMS=top-at-mark-start (previous, next)
|   0|0x0000000082000000, 0x0000000082000000, 0x0000000082100000|  0%| F|  |TS  0|AC  0|TAMS 0x0000000082000000, 0x0000000082000000|
|   1|0x0000000082100000, 0x0000000082100000, 0x0000000082200000|  0%| F|  |TS  0|AC  0|TAMS 0x0000000082100000, 0x0000000082100000|
|   2|0x0000000082200000, 0x0000000082200000, 0x0000000082300000|  0%| F|  |TS  0|AC  0|TAMS 0x0000000082200000, 0x0000000082200000|
|   3|0x0000000082300000, 0x0000000082300000, 0x0000000082400000|  0%| F|  |TS  0|AC  0|TAMS 0x0000000082300000, 0x0000000082300000|
|   4|0x0000000082400000, 0x0000000082400000, 0x0000000082500000|  0%| F|  |TS  0|AC  0|TAMS 0x0000000082400000, 0x0000000082400000|
|   5|0x0000000082500000, 0x0000000082500000, 0x0000000082600000|  0%| F|  |TS  0|AC  0|TAMS 0x0000000082500000, 0x0000000082500000|
|   6|0x0000000082600000, 0x0000000082600000, 0x0000000082700000|  0%| F|  |TS  0|AC  0|TAMS 0x0000000082600000, 0x0000000082600000|
|   7|0x0000000082700000, 0x0000000082700000, 0x0000000082800000|  0%| F|  |TS  0|AC  0|TAMS 0x0000000082700000, 0x0000000082700000|
|   8|0x0000000082800000, 0x0000000082800000, 0x0000000082900000|  0%| F|  |TS  0|AC  0|TAMS 0x0000000082800000, 0x0000000082800000|
|   9|0x0000000082900000, 0x0000000082900000, 0x0000000082a00000|  0%| F|  |TS  0|AC  0|TAMS 0x0000000082900000, 0x0000000082900000|
|  10|0x0000000082a00000, 0x0000000082a00000, 0x0000000082b00000|  0%| F|  |TS  0|AC  0|TAMS 0x0000000082a00000, 0x0000000082a00000|
|  11|0x0000000082b00000, 0x0000000082b00000, 0x0000000082c00000|  0%| F|  |TS  0|AC  0|TAMS 0x0000000082b00000, 0x0000000082b00000|
|  12|0x0000000082c00000, 0x0000000082c00000, 0x0000000082d00000|  0%| F|  |TS  0|AC  0|TAMS 0x0000000082c00000, 0x0000000082c00000|
|  13|0x0000000082d00000, 0x0000000082d00000, 0x0000000082e00000|  0%| F|  |TS  0|AC  0|TAMS 0x0000000082d00000, 0x0000000082d00000|
|  14|0x0000000082e00000, 0x0000000082e00000, 0x0000000082f00000|  0%| F|  |TS  0|AC  0|TAMS 0x0000000082e00000, 0x0000000082e00000|
|  15|0x0000000082f00000, 0x0000000082f00000, 0x0000000083000000|  0%| F|  |TS  0|AC  0|TAMS 0x0000000082f00000, 0x0000000082f00000|
|  16|0x0000000083000000, 0x0000000083000000, 0x0000000083100000|  0%| F|  |TS  0|AC  0|TAMS 0x0000000083000000, 0x0000000083000000|
|  17|0x0000000083100000, 0x0000000083100000, 0x0000000083200000|  0%| F|  |TS  0|AC  0|TAMS 0x0000000083100000, 0x0000000083100000|
|  18|0x0000000083200000, 0x0000000083200000, 0x0000000083300000|  0%| F|  |TS  0|AC  0|TAMS 0x0000000083200000, 0x0000000083200000|
|  19|0x0000000083300000, 0x0000000083300000, 0x0000000083400000|  0%| F|  |TS  0|AC  0|TAMS 0x0000000083300000, 0x0000000083300000|
|  20|0x0000000083400000, 0x0000000083400000, 0x0000000083500000|  0%| F|  |TS  0|AC  0|TAMS 0x0000000083400000, 0x0000000083400000|
|  21|0x0000000083500000, 0x0000000083500000, 0x0000000083600000|  0%| F|  |TS  0|AC  0|TAMS 0x0000000083500000, 0x0000000083500000|
|  22|0x0000000083600000, 0x0000000083600000, 0x0000000083700000|  0%| F|  |TS  0|AC  0|TAMS 0x0000000083600000, 0x0000000083600000|
|  23|0x0000000083700000, 0x0000000083700000, 0x0000000083800000|  0%| F|  |TS  0|AC  0|TAMS 0x0000000083700000, 0x0000000083700000|
|  24|0x0000000083800000, 0x0000000083800000, 0x0000000083900000|  0%| F|  |TS  0|AC  0|TAMS 0x0000000083800000, 0x0000000083800000|
|  25|0x0000000083900000, 0x0000000083900000, 0x0000000083a00000|  0%| F|  |TS  0|AC  0|TAMS 0x0000000083900000, 0x0000000083900000|
|  26|0x0000000083a00000, 0x0000000083a00000, 0x0000000083b00000|  0%| F|  |TS  0|AC  0|TAMS 0x0000000083a00000, 0x0000000083a00000|
|  27|0x0000000083b00000, 0x0000000083b00000, 0x0000000083c00000|  0%| F|  |TS  0|AC  0|TAMS 0x0000000083b00000, 0x0000000083b00000|
|  28|0x0000000083c00000, 0x0000000083c00000, 0x0000000083d00000|  0%| F|  |TS  0|AC  0|TAMS 0x0000000083c00000, 0x0000000083c00000|
|  29|0x0000000083d00000, 0x0000000083d00000, 0x0000000083e00000|  0%| F|  |TS  0|AC  0|TAMS 0x0000000083d00000, 0x0000000083d00000|
|  30|0x0000000083e00000, 0x0000000083e00000, 0x0000000083f00000|  0%| F|  |TS  0|AC  0|TAMS 0x0000000083e00000, 0x0000000083e00000|
|  31|0x0000000083f00000, 0x0000000083f00000, 0x0000000084000000|  0%| F|  |TS  0|AC  0|TAMS 0x0000000083f00000, 0x0000000083f00000|
|  32|0x0000000084000000, 0x0000000084000000, 0x0000000084100000|  0%| F|  |TS  0|AC  0|TAMS 0x0000000084000000, 0x0000000084000000|
|  33|0x0000000084100000, 0x0000000084100000, 0x0000000084200000|  0%| F|  |TS  0|AC  0|TAMS 0x0000000084100000, 0x0000000084100000|
|  34|0x0000000084200000, 0x0000000084200000, 0x0000000084300000|  0%| F|  |TS  0|AC  0|TAMS 0x0000000084200000, 0x0000000084200000|
|  35|0x0000000084300000, 0x0000000084300000, 0x0000000084400000|  0%| F|  |TS  0|AC  0|TAMS 0x0000000084300000, 0x0000000084300000|
|  36|0x0000000084400000, 0x0000000084400000, 0x0000000084500000|  0%| F|  |TS  0|AC  0|TAMS 0x0000000084400000, 0x0000000084400000|
|  37|0x0000000084500000, 0x0000000084500000, 0x0000000084600000|  0%| F|  |TS  0|AC  0|TAMS 0x0000000084500000, 0x0000000084500000|
|  38|0x0000000084600000, 0x0000000084600000, 0x0000000084700000|  0%| F|  |TS  0|AC  0|TAMS 0x0000000084600000, 0x0000000084600000|
|  39|0x0000000084700000, 0x0000000084700000, 0x0000000084800000|  0%| F|  |TS  0|AC  0|TAMS 0x0000000084700000, 0x0000000084700000|
|  40|0x0000000084800000, 0x0000000084800000, 0x0000000084900000|  0%| F|  |TS  0|AC  0|TAMS 0x0000000084800000, 0x0000000084800000|
|  41|0x0000000084900000, 0x0000000084900000, 0x0000000084a00000|  0%| F|  |TS  0|AC  0|TAMS 0x0000000084900000, 0x0000000084900000|
|  42|0x0000000084a00000, 0x0000000084a00000, 0x0000000084b00000|  0%| F|  |TS  0|AC  0|TAMS 0x0000000084a00000, 0x0000000084a00000|
|  43|0x0000000084b00000, 0x0000000084b00000, 0x0000000084c00000|  0%| F|  |TS  0|AC  0|TAMS 0x0000000084b00000, 0x0000000084b00000|
|  44|0x0000000084c00000, 0x0000000084c00000, 0x0000000084d00000|  0%| F|  |TS  0|AC  0|TAMS 0x0000000084c00000, 0x0000000084c00000|
|  45|0x0000000084d00000, 0x0000000084d00000, 0x0000000084e00000|  0%| F|  |TS  0|AC  0|TAMS 0x0000000084d00000, 0x0000000084d00000|
|  46|0x0000000084e00000, 0x0000000084e00000, 0x0000000084f00000|  0%| F|  |TS  0|AC  0|TAMS 0x0000000084e00000, 0x0000000084e00000|
|  47|0x0000000084f00000, 0x0000000084f00000, 0x0000000085000000|  0%| F|  |TS  0|AC  0|TAMS 0x0000000084f00000, 0x0000000084f00000|
|  48|0x0000000085000000, 0x0000000085000000, 0x0000000085100000|  0%| F|  |TS  0|AC  0|TAMS 0x0000000085000000, 0x0000000085000000|
|  49|0x0000000085100000, 0x0000000085100000, 0x0000000085200000|  0%| F|  |TS  0|AC  0|TAMS 0x0000000085100000, 0x0000000085100000|
|  50|0x0000000085200000, 0x0000000085200000, 0x0000000085300000|  0%| F|  |TS  0|AC  0|TAMS 0x0000000085200000, 0x0000000085200000|
|  51|0x0000000085300000, 0x0000000085300000, 0x0000000085400000|  0%| F|  |TS  0|AC  0|TAMS 0x0000000085300000, 0x0000000085300000|
|  52|0x0000000085400000, 0x0000000085400000, 0x0000000085500000|  0%| F|  |TS  0|AC  0|TAMS 0x0000000085400000, 0x0000000085400000|
|  53|0x0000000085500000, 0x0000000085500000, 0x0000000085600000|  0%| F|  |TS  0|AC  0|TAMS 0x0000000085500000, 0x0000000085500000|
|  54|0x0000000085600000, 0x0000000085600000, 0x0000000085700000|  0%| F|  |TS  0|AC  0|TAMS 0x0000000085600000, 0x0000000085600000|
|  55|0x0000000085700000, 0x0000000085700000, 0x0000000085800000|  0%| F|  |TS  0|AC  0|TAMS 0x0000000085700000, 0x0000000085700000|
|  56|0x0000000085800000, 0x0000000085800000, 0x0000000085900000|  0%| F|  |TS  0|AC  0|TAMS 0x0000000085800000, 0x0000000085800000|
|  57|0x0000000085900000, 0x0000000085900000, 0x0000000085a00000|  0%| F|  |TS  0|AC  0|TAMS 0x0000000085900000, 0x0000000085900000|
|  58|0x0000000085a00000, 0x0000000085a00000, 0x0000000085b00000|  0%| F|  |TS  0|AC  0|TAMS 0x0000000085a00000, 0x0000000085a00000|
|  59|0x0000000085b00000, 0x0000000085b00000, 0x0000000085c00000|  0%| F|  |TS  0|AC  0|TAMS 0x0000000085b00000, 0x0000000085b00000|
|  60|0x0000000085c00000, 0x0000000085c00000, 0x0000000085d00000|  0%| F|  |TS  0|AC  0|TAMS 0x0000000085c00000, 0x0000000085c00000|
|  61|0x0000000085d00000, 0x0000000085d00000, 0x0000000085e00000|  0%| F|  |TS  0|AC  0|TAMS 0x0000000085d00000, 0x0000000085d00000|
|  62|0x0000000085e00000, 0x0000000085e00000, 0x0000000085f00000|  0%| F|  |TS  0|AC  0|TAMS 0x0000000085e00000, 0x0000000085e00000|
|  63|0x0000000085f00000, 0x0000000085f00000, 0x0000000086000000|  0%| F|  |TS  0|AC  0|TAMS 0x0000000085f00000, 0x0000000085f00000|
|  64|0x0000000086000000, 0x0000000086000000, 0x0000000086100000|  0%| F|  |TS  0|AC  0|TAMS 0x0000000086000000, 0x0000000086000000|
|  65|0x0000000086100000, 0x0000000086100000, 0x0000000086200000|  0%| F|  |TS  0|AC  0|TAMS 0x0000000086100000, 0x0000000086100000|
|  66|0x0000000086200000, 0x0000000086200000, 0x0000000086300000|  0%| F|  |TS  0|AC  0|TAMS 0x0000000086200000, 0x0000000086200000|
|  67|0x0000000086300000, 0x0000000086300000, 0x0000000086400000|  0%| F|  |TS  0|AC  0|TAMS 0x0000000086300000, 0x0000000086300000|
|  68|0x0000000086400000, 0x0000000086400000, 0x0000000086500000|  0%| F|  |TS  0|AC  0|TAMS 0x0000000086400000, 0x0000000086400000|
|  69|0x0000000086500000, 0x0000000086500000, 0x0000000086600000|  0%| F|  |TS  0|AC  0|TAMS 0x0000000086500000, 0x0000000086500000|
|  70|0x0000000086600000, 0x0000000086600000, 0x0000000086700000|  0%| F|  |TS  0|AC  0|TAMS 0x0000000086600000, 0x0000000086600000|
|  71|0x0000000086700000, 0x0000000086700000, 0x0000000086800000|  0%| F|  |TS  0|AC  0|TAMS 0x0000000086700000, 0x0000000086700000|
|  72|0x0000000086800000, 0x0000000086800000, 0x0000000086900000|  0%| F|  |TS  0|AC  0|TAMS 0x0000000086800000, 0x0000000086800000|
|  73|0x0000000086900000, 0x0000000086900000, 0x0000000086a00000|  0%| F|  |TS  0|AC  0|TAMS 0x0000000086900000, 0x0000000086900000|
|  74|0x0000000086a00000, 0x0000000086a00000, 0x0000000086b00000|  0%| F|  |TS  0|AC  0|TAMS 0x0000000086a00000, 0x0000000086a00000|
|  75|0x0000000086b00000, 0x0000000086b00000, 0x0000000086c00000|  0%| F|  |TS  0|AC  0|TAMS 0x0000000086b00000, 0x0000000086b00000|
|  76|0x0000000086c00000, 0x0000000086c00000, 0x0000000086d00000|  0%| F|  |TS  0|AC  0|TAMS 0x0000000086c00000, 0x0000000086c00000|
|  77|0x0000000086d00000, 0x0000000086d00000, 0x0000000086e00000|  0%| F|  |TS  0|AC  0|TAMS 0x0000000086d00000, 0x0000000086d00000|
|  78|0x0000000086e00000, 0x0000000086e00000, 0x0000000086f00000|  0%| F|  |TS  0|AC  0|TAMS 0x0000000086e00000, 0x0000000086e00000|
|  79|0x0000000086f00000, 0x0000000086f00000, 0x0000000087000000|  0%| F|  |TS  0|AC  0|TAMS 0x0000000086f00000, 0x0000000086f00000|
|  80|0x0000000087000000, 0x0000000087000000, 0x0000000087100000|  0%| F|  |TS  0|AC  0|TAMS 0x0000000087000000, 0x0000000087000000|
|  81|0x0000000087100000, 0x0000000087100000, 0x0000000087200000|  0%| F|  |TS  0|AC  0|TAMS 0x0000000087100000, 0x0000000087100000|
|  82|0x0000000087200000, 0x0000000087200000, 0x0000000087300000|  0%| F|  |TS  0|AC  0|TAMS 0x0000000087200000, 0x0000000087200000|
|  83|0x0000000087300000, 0x0000000087300000, 0x0000000087400000|  0%| F|  |TS  0|AC  0|TAMS 0x0000000087300000, 0x0000000087300000|
|  84|0x0000000087400000, 0x0000000087400000, 0x0000000087500000|  0%| F|  |TS  0|AC  0|TAMS 0x0000000087400000, 0x0000000087400000|
|  85|0x0000000087500000, 0x0000000087500000, 0x0000000087600000|  0%| F|  |TS  0|AC  0|TAMS 0x0000000087500000, 0x0000000087500000|
|  86|0x0000000087600000, 0x0000000087600000, 0x0000000087700000|  0%| F|  |TS  0|AC  0|TAMS 0x0000000087600000, 0x0000000087600000|
|  87|0x0000000087700000, 0x0000000087700000, 0x0000000087800000|  0%| F|  |TS  0|AC  0|TAMS 0x0000000087700000, 0x0000000087700000|
|  88|0x0000000087800000, 0x0000000087800000, 0x0000000087900000|  0%| F|  |TS  0|AC  0|TAMS 0x0000000087800000, 0x0000000087800000|
|  89|0x0000000087900000, 0x0000000087900000, 0x0000000087a00000|  0%| F|  |TS  0|AC  0|TAMS 0x0000000087900000, 0x0000000087900000|
|  90|0x0000000087a00000, 0x0000000087a00000, 0x0000000087b00000|  0%| F|  |TS  0|AC  0|TAMS 0x0000000087a00000, 0x0000000087a00000|
|  91|0x0000000087b00000, 0x0000000087b00000, 0x0000000087c00000|  0%| F|  |TS  0|AC  0|TAMS 0x0000000087b00000, 0x0000000087b00000|
|  92|0x0000000087c00000, 0x0000000087c00000, 0x0000000087d00000|  0%| F|  |TS  0|AC  0|TAMS 0x0000000087c00000, 0x0000000087c00000|
|  93|0x0000000087d00000, 0x0000000087d00000, 0x0000000087e00000|  0%| F|  |TS  0|AC  0|TAMS 0x0000000087d00000, 0x0000000087d00000|
|  94|0x0000000087e00000, 0x0000000087e00000, 0x0000000087f00000|  0%| F|  |TS  0|AC  0|TAMS 0x0000000087e00000, 0x0000000087e00000|
|  95|0x0000000087f00000, 0x0000000087f00000, 0x0000000088000000|  0%| F|  |TS  0|AC  0|TAMS 0x0000000087f00000, 0x0000000087f00000|
|  96|0x0000000088000000, 0x0000000088000000, 0x0000000088100000|  0%| F|  |TS  0|AC  0|TAMS 0x0000000088000000, 0x0000000088000000|
|  97|0x0000000088100000, 0x0000000088100000, 0x0000000088200000|  0%| F|  |TS  0|AC  0|TAMS 0x0000000088100000, 0x0000000088100000|
|  98|0x0000000088200000, 0x0000000088200000, 0x0000000088300000|  0%| F|  |TS  0|AC  0|TAMS 0x0000000088200000, 0x0000000088200000|
|  99|0x0000000088300000, 0x0000000088300000, 0x0000000088400000|  0%| F|  |TS  0|AC  0|TAMS 0x0000000088300000, 0x0000000088300000|
| 100|0x0000000088400000, 0x0000000088400000, 0x0000000088500000|  0%| F|  |TS  0|AC  0|TAMS 0x0000000088400000, 0x0000000088400000|
| 101|0x0000000088500000, 0x0000000088500000, 0x0000000088600000|  0%| F|  |TS  0|AC  0|TAMS 0x0000000088500000, 0x0000000088500000|
| 102|0x0000000088600000, 0x0000000088600000, 0x0000000088700000|  0%| F|  |TS  0|AC  0|TAMS 0x0000000088600000, 0x0000000088600000|
| 103|0x0000000088700000, 0x0000000088700000, 0x0000000088800000|  0%| F|  |TS  0|AC  0|TAMS 0x0000000088700000, 0x0000000088700000|
| 104|0x0000000088800000, 0x0000000088800000, 0x0000000088900000|  0%| F|  |TS  0|AC  0|TAMS 0x0000000088800000, 0x0000000088800000|
| 105|0x0000000088900000, 0x0000000088900000, 0x0000000088a00000|  0%| F|  |TS  0|AC  0|TAMS 0x0000000088900000, 0x0000000088900000|
| 106|0x0000000088a00000, 0x0000000088a00000, 0x0000000088b00000|  0%| F|  |TS  0|AC  0|TAMS 0x0000000088a00000, 0x0000000088a00000|
| 107|0x0000000088b00000, 0x0000000088b00000, 0x0000000088c00000|  0%| F|  |TS  0|AC  0|TAMS 0x0000000088b00000, 0x0000000088b00000|
| 108|0x0000000088c00000, 0x0000000088c00000, 0x0000000088d00000|  0%| F|  |TS  0|AC  0|TAMS 0x0000000088c00000, 0x0000000088c00000|
| 109|0x0000000088d00000, 0x0000000088d00000, 0x0000000088e00000|  0%| F|  |TS  0|AC  0|TAMS 0x0000000088d00000, 0x0000000088d00000|
| 110|0x0000000088e00000, 0x0000000088e00000, 0x0000000088f00000|  0%| F|  |TS  0|AC  0|TAMS 0x0000000088e00000, 0x0000000088e00000|
| 111|0x0000000088f00000, 0x0000000088f00000, 0x0000000089000000|  0%| F|  |TS  0|AC  0|TAMS 0x0000000088f00000, 0x0000000088f00000|
| 112|0x0000000089000000, 0x0000000089000000, 0x0000000089100000|  0%| F|  |TS  0|AC  0|TAMS 0x0000000089000000, 0x0000000089000000|
| 113|0x0000000089100000, 0x0000000089100000, 0x0000000089200000|  0%| F|  |TS  0|AC  0|TAMS 0x0000000089100000, 0x0000000089100000|
| 114|0x0000000089200000, 0x0000000089200000, 0x0000000089300000|  0%| F|  |TS  0|AC  0|TAMS 0x0000000089200000, 0x0000000089200000|
| 115|0x0000000089300000, 0x0000000089300000, 0x0000000089400000|  0%| F|  |TS  0|AC  0|TAMS 0x0000000089300000, 0x0000000089300000|
| 116|0x0000000089400000, 0x0000000089400000, 0x0000000089500000|  0%| F|  |TS  0|AC  0|TAMS 0x0000000089400000, 0x0000000089400000|
| 117|0x0000000089500000, 0x0000000089500000, 0x0000000089600000|  0%| F|  |TS  0|AC  0|TAMS 0x0000000089500000, 0x0000000089500000|
| 118|0x0000000089600000, 0x0000000089600000, 0x0000000089700000|  0%| F|  |TS  0|AC  0|TAMS 0x0000000089600000, 0x0000000089600000|
| 119|0x0000000089700000, 0x0000000089700000, 0x0000000089800000|  0%| F|  |TS  0|AC  0|TAMS 0x0000000089700000, 0x0000000089700000|
| 120|0x0000000089800000, 0x0000000089900000, 0x0000000089900000|100%| E|  |TS  0|AC  0|TAMS 0x0000000089800000, 0x0000000089800000|
| 121|0x0000000089900000, 0x0000000089a00000, 0x0000000089a00000|100%| E|CS|TS  0|AC  0|TAMS 0x0000000089900000, 0x0000000089900000|
| 122|0x0000000089a00000, 0x0000000089b00000, 0x0000000089b00000|100%| E|CS|TS  0|AC  0|TAMS 0x0000000089a00000, 0x0000000089a00000|
| 123|0x0000000089b00000, 0x0000000089c00000, 0x0000000089c00000|100%| E|CS|TS  0|AC  0|TAMS 0x0000000089b00000, 0x0000000089b00000|
| 124|0x0000000089c00000, 0x0000000089d00000, 0x0000000089d00000|100%| E|CS|TS  0|AC  0|TAMS 0x0000000089c00000, 0x0000000089c00000|
| 125|0x0000000089d00000, 0x0000000089e00000, 0x0000000089e00000|100%| E|CS|TS  0|AC  0|TAMS 0x0000000089d00000, 0x0000000089d00000|

Card table byte_map: [0x000001fcb2350000,0x000001fcb2740000] byte_map_base: 0x000001fcb1f40000

Marking Bits (Prev, Next): (CMBitMap*) 0x000001fc95e8b710, (CMBitMap*) 0x000001fc95e8b748
 Prev Bits: [0x000001fcb2b30000, 0x000001fcb4ab0000)
 Next Bits: [0x000001fcb4ab0000, 0x000001fcb6a30000)

Polling page: 0x000001fc95c60000

CodeHeap 'non-profiled nmethods': size=120064Kb used=167Kb max_used=167Kb free=119896Kb
 bounds [0x000001fcaa400000, 0x000001fcaa670000, 0x000001fcb1940000]
CodeHeap 'profiled nmethods': size=120000Kb used=775Kb max_used=775Kb free=119224Kb
 bounds [0x000001fca2ed0000, 0x000001fca3140000, 0x000001fcaa400000]
CodeHeap 'non-nmethods': size=5696Kb used=1144Kb max_used=1168Kb free=4551Kb
 bounds [0x000001fca2940000, 0x000001fca2bb0000, 0x000001fca2ed0000]
 total_blobs=995 nmethods=523 adapters=274
 compilation: enabled

Compilation events (10 events):
Event: 75.920 Thread 0x000001fcb9a7b800  528       3       java.lang.invoke.MethodHandles$Lookup::checkSymbolicClass (42 bytes)
Event: 75.921 Thread 0x000001fcb9a7b800 nmethod 528 0x000001fca2f91610 code [0x000001fca2f918c0, 0x000001fca2f922b0]
Event: 75.921 Thread 0x000001fcb9a7b800  529       3       java.lang.invoke.MemberName$Factory::resolveOrFail (52 bytes)
Event: 75.922 Thread 0x000001fcb9a7b800 nmethod 529 0x000001fca2ed3110 code [0x000001fca2ed3360, 0x000001fca2ed3ba0]
Event: 269.330 Thread 0x000001fcb9a7b800  531       3       sun.instrument.InstrumentationImpl::transform (73 bytes)
Event: 269.331 Thread 0x000001fcb9a7b800 nmethod 531 0x000001fca2ed0610 code [0x000001fca2ed0800, 0x000001fca2ed0c30]
Event: 269.331 Thread 0x000001fcb9a7b800  532   !   3       sun.instrument.TransformerManager::transform (100 bytes)
Event: 269.341 Thread 0x000001fcb9a7b800 nmethod 532 0x000001fca2edbe90 code [0x000001fca2edc080, 0x000001fca2edc570]
Event: 269.341 Thread 0x000001fcb9a7b800  533       3       java.lang.instrument.ClassFileTransformer::transform (15 bytes)
Event: 269.341 Thread 0x000001fcb9a7b800 nmethod 533 0x000001fca2ed1290 code [0x000001fca2ed1440, 0x000001fca2ed1690]

GC Heap History (0 events):
No events

Deoptimization events (3 events):
Event: 0.219 Thread 0x000001fc95e01000 Uncommon trap: reason=unstable_if action=reinterpret pc=0x000001fcaa404028 method=java.lang.String.hashCode()I @ 14 c2
Event: 0.239 Thread 0x000001fc95e01000 Uncommon trap: reason=unstable_if action=reinterpret pc=0x000001fcaa40987c method=java.lang.String.isLatin1()Z @ 10 c2
Event: 0.304 Thread 0x000001fc95e01000 Uncommon trap: reason=unstable_if action=reinterpret pc=0x000001fcaa4115fc method=java.lang.String.charAt(I)C @ 4 c2

Classes redefined (8 events):
Event: 75.782 Thread 0x000001fcb90b1000 redefined class name=com.arjuna.season17.Dacoit, count=1
Event: 75.783 Thread 0x000001fcb90b1000 redefined class name=com.arjuna.season17.Village, count=1
Event: 75.785 Thread 0x000001fcb90b1000 redefined class name=com.arjuna.season17.Road, count=1
Event: 75.787 Thread 0x000001fcb90b1000 redefined class name=com.arjuna.season17.Logic, count=1
Event: 269.335 Thread 0x000001fcb90b1000 redefined class name=com.arjuna.season17.Dacoit, count=2
Event: 269.337 Thread 0x000001fcb90b1000 redefined class name=com.arjuna.season17.Village, count=2
Event: 269.338 Thread 0x000001fcb90b1000 redefined class name=com.arjuna.season17.Road, count=2
Event: 269.340 Thread 0x000001fcb90b1000 redefined class name=com.arjuna.season17.Logic, count=2

Internal exceptions (10 events):
Event: 0.362 Thread 0x000001fc95e01000 Exception <a 'java/lang/NoSuchMethodError'{0x0000000089a6da90}: java.lang.Object.lambda$and$0(Ljava/util/regex/Pattern$CharPredicate;I)Z> (0x0000000089a6da90) thrown at [t:/workspace/open/src/hotspot/share/interpreter/linkResolver.cpp, line 741]
Event: 11.917 Thread 0x000001fc95e01000 Exception <a 'java/lang/NoSuchMethodError'{0x000000008984d428}: java.lang.invoke.DirectMethodHandle$Holder.invokeStatic(Ljava/lang/Object;Ljava/lang/Object;Ljava/lang/Object;Ljava/lang/Object;Ljava/lang/Object;Ljava/lang/Object;Ljava/lang/Object;Ljava/lan
Event: 11.920 Thread 0x000001fc95e01000 Exception <a 'java/lang/NoSuchMethodError'{0x000000008985e410}: java.lang.invoke.DirectMethodHandle$Holder.invokeStatic(Ljava/lang/Object;Ljava/lang/Object;Ljava/lang/Object;Ljava/lang/Object;Ljava/lang/Object;Ljava/lang/Object;Ljava/lang/Object;Ljava/lan
Event: 11.922 Thread 0x000001fc95e01000 Exception <a 'java/lang/NoSuchMethodError'{0x000000008986dfe8}: java.lang.invoke.DirectMethodHandle$Holder.invokeSpecial(Ljava/lang/Object;Ljava/lang/Object;IILjava/lang/Object;Ljava/lang/Object;I)Ljava/lang/Object;> (0x000000008986dfe8) thrown at [t:/wor
Event: 11.922 Thread 0x000001fc95e01000 Exception <a 'java/lang/NoSuchMethodError'{0x0000000089871310}: java.lang.invoke.DelegatingMethodHandle$Holder.reinvoke_L(Ljava/lang/Object;IILjava/lang/Object;Ljava/lang/Object;I)Ljava/lang/Object;> (0x0000000089871310) thrown at [t:/workspace/open/src/h
Event: 11.923 Thread 0x000001fc95e01000 Exception <a 'java/lang/NoSuchMethodError'{0x0000000089875ea8}: java.lang.invoke.DirectMethodHandle$Holder.invokeStatic(Ljava/lang/Object;Ljava/lang/Object;Ljava/lang/Object;Ljava/lang/Object;I)Ljava/lang/Object;> (0x0000000089875ea8) thrown at [t:/worksp
Event: 11.926 Thread 0x000001fc95e01000 Exception <a 'java/lang/NoSuchMethodError'{0x000000008988f318}: method resolution failed> (0x000000008988f318) thrown at [t:/workspace/open/src/hotspot/share/prims/methodHandles.cpp, line 1226]
Event: 11.929 Thread 0x000001fc95e01000 Exception <a 'java/lang/NoSuchMethodError'{0x00000000898a6b40}: method resolution failed> (0x00000000898a6b40) thrown at [t:/workspace/open/src/hotspot/share/prims/methodHandles.cpp, line 1226]
Event: 11.932 Thread 0x000001fc95e01000 Exception <a 'java/lang/NoSuchMethodError'{0x00000000898bf4d0}: method resolution failed> (0x00000000898bf4d0) thrown at [t:/workspace/open/src/hotspot/share/prims/methodHandles.cpp, line 1226]
Event: 11.935 Thread 0x000001fc95e01000 Exception <a 'java/lang/NoSuchMethodError'{0x00000000898c8770}: java.lang.invoke.DirectMethodHandle$Holder.invokeSpecial(Ljava/lang/Object;Ljava/lang/Object;Ljava/lang/Object;Ljava/lang/Object;I)Ljava/lang/Object;> (0x00000000898c8770) thrown at [t:/works

Events (10 events):
Event: 269.414 Executing VM operation: ChangeBreakpoints done
Event: 269.415 Executing VM operation: ChangeBreakpoints
Event: 269.415 Executing VM operation: ChangeBreakpoints done
Event: 269.435 Executing VM operation: ChangeBreakpoints
Event: 269.435 Executing VM operation: ChangeBreakpoints done
Event: 269.437 Executing VM operation: GetFrameCount
Event: 269.438 Executing VM operation: GetFrameCount done
Event: 269.438 Executing VM operation: GetFrameLocation
Event: 269.438 Executing VM operation: GetFrameLocation done
Event: 269.453 Executing VM operation: GetOrSetLocal


Dynamic libraries:
0x00007ff6f8980000 - 0x00007ff6f89be000 	C:\Program Files\Java\jdk-10.0.1\bin\java.exe
0x00007ffe18d40000 - 0x00007ffe18f2f000 	C:\WINDOWS\SYSTEM32\ntdll.dll
0x00007ffe171c0000 - 0x00007ffe17272000 	C:\WINDOWS\System32\KERNEL32.DLL
0x00007ffe16960000 - 0x00007ffe16c02000 	C:\WINDOWS\System32\KERNELBASE.dll
0x00007ffe13b10000 - 0x00007ffe13b9f000 	C:\WINDOWS\SYSTEM32\apphelp.dll
0x00007ffe18be0000 - 0x00007ffe18c82000 	C:\WINDOWS\System32\ADVAPI32.dll
0x00007ffe173d0000 - 0x00007ffe1746e000 	C:\WINDOWS\System32\msvcrt.dll
0x00007ffe17120000 - 0x00007ffe171b7000 	C:\WINDOWS\System32\sechost.dll
0x00007ffe16e10000 - 0x00007ffe16f2f000 	C:\WINDOWS\System32\RPCRT4.dll
0x00007ffe186a0000 - 0x00007ffe18838000 	C:\WINDOWS\System32\USER32.dll
0x00007ffe16c10000 - 0x00007ffe16c31000 	C:\WINDOWS\System32\win32u.dll
0x00007ffe173a0000 - 0x00007ffe173c6000 	C:\WINDOWS\System32\GDI32.dll
0x00007ffe167c0000 - 0x00007ffe16954000 	C:\WINDOWS\System32\gdi32full.dll
0x00007ffe16720000 - 0x00007ffe167be000 	C:\WINDOWS\System32\msvcp_win.dll
0x00007ffe16d10000 - 0x00007ffe16e0a000 	C:\WINDOWS\System32\ucrtbase.dll
0x00007ffe10900000 - 0x00007ffe10b85000 	C:\WINDOWS\WinSxS\amd64_microsoft.windows.common-controls_6595b64144ccf1df_6.0.18329.1_none_d1dee8bb24493f2e\COMCTL32.dll
0x00007ffe188a0000 - 0x00007ffe18bd8000 	C:\WINDOWS\System32\combase.dll
0x00007ffe0d420000 - 0x00007ffe0d42a000 	C:\WINDOWS\SYSTEM32\VERSION.dll
0x00007ffe15ce0000 - 0x00007ffe15d5f000 	C:\WINDOWS\System32\bcryptPrimitives.dll
0x00007ffe17e30000 - 0x00007ffe17e5e000 	C:\WINDOWS\System32\IMM32.DLL
0x00007ffe05150000 - 0x00007ffe0523f000 	C:\Program Files\Java\jdk-10.0.1\bin\msvcr120.dll
0x00007ffe050a0000 - 0x00007ffe05146000 	C:\Program Files\Java\jdk-10.0.1\bin\msvcp120.dll
0x00000000677a0000 - 0x0000000068210000 	C:\Program Files\Java\jdk-10.0.1\bin\server\jvm.dll
0x00007ffe18d00000 - 0x00007ffe18d08000 	C:\WINDOWS\System32\PSAPI.DLL
0x00007ffe05280000 - 0x00007ffe052a4000 	C:\WINDOWS\SYSTEM32\WINMM.dll
0x00007ffe13da0000 - 0x00007ffe13da9000 	C:\WINDOWS\SYSTEM32\WSOCK32.dll
0x00007ffe17280000 - 0x00007ffe172ef000 	C:\WINDOWS\System32\WS2_32.dll
0x00007ffe05040000 - 0x00007ffe0506d000 	C:\WINDOWS\SYSTEM32\WINMMBASE.dll
0x00007ffe15dc0000 - 0x00007ffe15e0b000 	C:\WINDOWS\System32\cfgmgr32.dll
0x00007ffe13c20000 - 0x00007ffe13c2f000 	C:\Program Files\Java\jdk-10.0.1\bin\verify.dll
0x00007ffe0de90000 - 0x00007ffe0e084000 	C:\WINDOWS\SYSTEM32\DBGHELP.DLL
0x00007ffe0de60000 - 0x00007ffe0de8a000 	C:\WINDOWS\SYSTEM32\dbgcore.DLL
0x00007ffe0d0e0000 - 0x00007ffe0d107000 	C:\Program Files\Java\jdk-10.0.1\bin\java.dll
0x00007ffe0cf50000 - 0x00007ffe0cf86000 	C:\Program Files\Java\jdk-10.0.1\bin\jdwp.dll
0x00007ffe083e0000 - 0x00007ffe0840a000 	C:\Program Files\Java\jdk-10.0.1\bin\instrument.dll
0x00007ffe0cf90000 - 0x00007ffe0cfa6000 	C:\Program Files\Java\jdk-10.0.1\bin\zip.dll
0x00007ffe0cfd0000 - 0x00007ffe0cfda000 	C:\Program Files\Java\jdk-10.0.1\bin\jimage.dll
0x00007ffe17f30000 - 0x00007ffe18614000 	C:\WINDOWS\System32\SHELL32.dll
0x00007ffe172f0000 - 0x00007ffe17399000 	C:\WINDOWS\System32\shcore.dll
0x00007ffe15f90000 - 0x00007ffe16713000 	C:\WINDOWS\System32\windows.storage.dll
0x00007ffe15cc0000 - 0x00007ffe15cdf000 	C:\WINDOWS\System32\profapi.dll
0x00007ffe15c70000 - 0x00007ffe15cba000 	C:\WINDOWS\System32\powrprof.dll
0x00007ffe15c20000 - 0x00007ffe15c30000 	C:\WINDOWS\System32\UMPDC.dll
0x00007ffe17940000 - 0x00007ffe17992000 	C:\WINDOWS\System32\shlwapi.dll
0x00007ffe15c30000 - 0x00007ffe15c41000 	C:\WINDOWS\System32\kernel.appcore.dll
0x00007ffe16cf0000 - 0x00007ffe16d07000 	C:\WINDOWS\System32\cryptsp.dll
0x00007ffe0cf40000 - 0x00007ffe0cf4a000 	C:\Program Files\Java\jdk-10.0.1\bin\dt_socket.dll
0x00007ffe15490000 - 0x00007ffe154f7000 	C:\WINDOWS\system32\mswsock.dll
0x00007ffe09640000 - 0x00007ffe0965a000 	C:\Program Files\Java\jdk-10.0.1\bin\net.dll
0x00007ffe0d190000 - 0x00007ffe0d27f000 	C:\WINDOWS\SYSTEM32\WINHTTP.dll
0x00007ffe09110000 - 0x00007ffe09121000 	C:\Program Files\Java\jdk-10.0.1\bin\nio.dll

dbghelp: loaded successfully - version: 4.0.5 - missing functions: none
symbol engine: initialized successfully - sym options: 0x614 - pdb path: .;C:\Program Files\Java\jdk-10.0.1\bin;C:\WINDOWS\SYSTEM32;C:\WINDOWS\WinSxS\amd64_microsoft.windows.common-controls_6595b64144ccf1df_6.0.18329.1_none_d1dee8bb24493f2e;C:\Program Files\Java\jdk-10.0.1\bin\server

VM Arguments:
jvm_args: -agentlib:jdwp=transport=dt_socket,address=127.0.0.1:1408,suspend=y,server=n -javaagent:C:\Users\Keshav\.IdeaIC2018.2\system\captureAgent\debugger-agent.jar=file:/C:/Users/Keshav/AppData/Local/Temp/capture.props -Dfile.encoding=UTF-8 
java_command: com.arjuna.season17.Dacoit
java_class_path (initial): C:\Users\Keshav\Arjuna\out\production\Arjuna;C:\Program Files\JetBrains\IntelliJ IDEA Community Edition 2018.2.6\lib\idea_rt.jar
Launcher Type: SUN_STANDARD

Logging:
Log output configuration:
#0: stdout all=warning uptime,level,tags
#1: stderr all=off uptime,level,tags

Environment Variables:
PATH=C:\Program Files (x86)\Common Files\Intel\Shared Libraries\redist\intel64\compiler;C:\WINDOWS\system32;C:\WINDOWS;C:\WINDOWS\System32\Wbem;C:\WINDOWS\System32\WindowsPowerShell\v1.0\;C:\WINDOWS\System32\OpenSSH\;C:\Program Files\nodejs\;C:\Program Files\Git\cmd;C:\Program Files\PuTTY\;C:\Users\Keshav\AppData\Local\Programs\Python\Python37-32;C:\Program Files (x86)\QuickTime\QTSystem\;C:\Program Files\Java\jdk-10.0.1\bin;C:\Users\Keshav\AppData\Roaming\npm;C:\Program Files (x86)\Nmap;C:\Users\Keshav\AppData\Local\Microsoft\WindowsApps;C:\Users\Keshav\AppData\Local\Programs\Microsoft VS Code\bin;C:\Users\Keshav\AppData\Local\GitHubDesktop\bin;C:\Program Files\JetBrains\WebStorm 2018.3.3\bin;;C:\Users\Keshav\AppData\Local\Microsoft\WindowsApps;
USERNAME=Keshav
OS=Windows_NT
PROCESSOR_IDENTIFIER=Intel64 Family 6 Model 142 Stepping 9, GenuineIntel



---------------  S Y S T E M  ---------------

OS: Windows 10 , 64 bit Build 18329 (10.0.18329.1)

CPU:total 4 (initial active 4) (2 cores per cpu, 2 threads per core) family 6 model 142 stepping 9, cmov, cx8, fxsr, mmx, sse, sse2, sse3, ssse3, sse4.1, sse4.2, popcnt, avx, avx2, aes, clmul, erms, 3dnowpref, lzcnt, ht, tsc, tscinvbit, bmi1, bmi2, adx, fma

Memory: 4k page, physical 8253672k(3658700k free), swap 12349672k(5856448k free)

vm_info: Java HotSpot(TM) 64-Bit Server VM (10.0.1+10) for windows-amd64 JRE (10.0.1+10), built on Mar 27 2018 02:27:48 by "mach5one" with MS VC++ 12.0 (VS2013)

END.
